/home/ecosoft/frappe-bench/env/lib/python3.10/site-packages/rq/connections.py:58: DeprecationWarning: The `push_connection` function is deprecated. Pass the `connection` explicitly instead.
  warnings.warn(
/home/ecosoft/frappe-bench/env/lib/python3.10/site-packages/rq/connections.py:72: DeprecationWarning: The `pop_connection` function is deprecated. Pass the `connection` explicitly instead.
  warnings.warn(
/home/ecosoft/frappe-bench/env/lib/python3.10/site-packages/rq/connections.py:58: DeprecationWarning: The `push_connection` function is deprecated. Pass the `connection` explicitly instead.
  warnings.warn(
/home/ecosoft/frappe-bench/env/lib/python3.10/site-packages/rq/connections.py:72: DeprecationWarning: The `pop_connection` function is deprecated. Pass the `connection` explicitly instead.
  warnings.warn(
/home/ecosoft/frappe-bench/env/lib/python3.10/site-packages/rq/connections.py:58: DeprecationWarning: The `push_connection` function is deprecated. Pass the `connection` explicitly instead.
  warnings.warn(
2024-09-10 21:08:37,225 [Job dcode.com::e68cca0b-d392-406b-8ffc-e616b74b95ab]: exception raised while executing (frappe.utils.background_jobs.execute_job)
Traceback (most recent call last):
  File "/home/ecosoft/frappe-bench/env/lib/python3.10/site-packages/rq/worker.py", line 1430, in perform_job
    rv = job.perform()
  File "/home/ecosoft/frappe-bench/env/lib/python3.10/site-packages/rq/job.py", line 1280, in perform
    self._result = self._execute()
  File "/home/ecosoft/frappe-bench/env/lib/python3.10/site-packages/rq/job.py", line 1317, in _execute
    result = self.func(*self.args, **self.kwargs)
  File "/home/ecosoft/frappe-bench/apps/frappe/frappe/utils/background_jobs.py", line 207, in execute_job
    frappe.init(site=site)
  File "/home/ecosoft/frappe-bench/apps/frappe/frappe/__init__.py", line 312, in init
    setup_module_map(include_all_apps=not (frappe.request or frappe.job or frappe.flags.in_migrate))
  File "/home/ecosoft/frappe-bench/apps/frappe/frappe/__init__.py", line 1746, in setup_module_map
    for module in get_module_list(app):
  File "/home/ecosoft/frappe-bench/apps/frappe/frappe/__init__.py", line 1594, in get_module_list
    return get_file_items(get_app_path(app_name, "modules.txt"))
  File "/home/ecosoft/frappe-bench/apps/frappe/frappe/__init__.py", line 1559, in get_app_path
    return get_pymodule_path(app_name, *joins)
  File "/home/ecosoft/frappe-bench/apps/frappe/frappe/__init__.py", line 1589, in get_pymodule_path
    return abspath(join(dirname(get_module(scrub(modulename)).__file__ or ""), *joins))
  File "/home/ecosoft/frappe-bench/apps/frappe/frappe/__init__.py", line 1530, in get_module
    return importlib.import_module(modulename)
  File "/usr/lib/python3.10/importlib/__init__.py", line 126, in import_module
    return _bootstrap._gcd_import(name[level:], package, level)
  File "<frozen importlib._bootstrap>", line 1050, in _gcd_import
  File "<frozen importlib._bootstrap>", line 1027, in _find_and_load
  File "<frozen importlib._bootstrap>", line 1004, in _find_and_load_unlocked
ModuleNotFoundError: No module named 'erpnext'

/home/ecosoft/frappe-bench/env/lib/python3.10/site-packages/rq/connections.py:72: DeprecationWarning: The `pop_connection` function is deprecated. Pass the `connection` explicitly instead.
  warnings.warn(
Exception in thread Thread-1:
Traceback (most recent call last):
  File "/usr/lib/python3.10/threading.py", line 1016, in _bootstrap_inner
    self.run()
  File "/home/ecosoft/frappe-bench/env/lib/python3.10/site-packages/redis/client.py", line 1167, in run
    pubsub.get_message(ignore_subscribe_messages=True, timeout=sleep_time)
  File "/home/ecosoft/frappe-bench/env/lib/python3.10/site-packages/redis/client.py", line 1029, in get_message
    response = self.parse_response(block=(timeout is None), timeout=timeout)
  File "/home/ecosoft/frappe-bench/env/lib/python3.10/site-packages/redis/client.py", line 840, in parse_response
    response = self._execute(conn, try_read)
  File "/home/ecosoft/frappe-bench/env/lib/python3.10/site-packages/redis/client.py", line 816, in _execute
    return conn.retry.call_with_retry(
  File "/home/ecosoft/frappe-bench/env/lib/python3.10/site-packages/redis/retry.py", line 65, in call_with_retry
    fail(error)
  File "/home/ecosoft/frappe-bench/env/lib/python3.10/site-packages/redis/client.py", line 818, in <lambda>
    lambda error: self._disconnect_raise_connect(conn, error),
  File "/home/ecosoft/frappe-bench/env/lib/python3.10/site-packages/redis/client.py", line 805, in _disconnect_raise_connect
    raise error
  File "/home/ecosoft/frappe-bench/env/lib/python3.10/site-packages/redis/retry.py", line 62, in call_with_retry
    return do()
  File "/home/ecosoft/frappe-bench/env/lib/python3.10/site-packages/redis/client.py", line 817, in <lambda>
    lambda: command(*args, **kwargs),
  File "/home/ecosoft/frappe-bench/env/lib/python3.10/site-packages/redis/client.py", line 834, in try_read
    if not conn.can_read(timeout=timeout):
  File "/home/ecosoft/frappe-bench/env/lib/python3.10/site-packages/redis/connection.py", line 490, in can_read
    return self._parser.can_read(timeout)
  File "/home/ecosoft/frappe-bench/env/lib/python3.10/site-packages/redis/_parsers/hiredis.py", line 81, in can_read
    return self.read_from_socket(timeout=timeout, raise_on_timeout=False)
  File "/home/ecosoft/frappe-bench/env/lib/python3.10/site-packages/redis/_parsers/hiredis.py", line 92, in read_from_socket
    raise ConnectionError(SERVER_CLOSED_CONNECTION_ERROR)
redis.exceptions.ConnectionError: Connection closed by server.
Traceback (most recent call last):
  File "/home/ecosoft/frappe-bench/env/lib/python3.10/site-packages/redis/connection.py", line 277, in connect
    sock = self.retry.call_with_retry(
  File "/home/ecosoft/frappe-bench/env/lib/python3.10/site-packages/redis/retry.py", line 62, in call_with_retry
    return do()
  File "/home/ecosoft/frappe-bench/env/lib/python3.10/site-packages/redis/connection.py", line 278, in <lambda>
    lambda: self._connect(), lambda error: self.disconnect(error)
  File "/home/ecosoft/frappe-bench/env/lib/python3.10/site-packages/redis/connection.py", line 639, in _connect
    raise err
  File "/home/ecosoft/frappe-bench/env/lib/python3.10/site-packages/redis/connection.py", line 627, in _connect
    sock.connect(socket_address)
ConnectionRefusedError: [Errno 111] Connection refused

During handling of the above exception, another exception occurred:

Traceback (most recent call last):
  File "/usr/lib/python3.10/runpy.py", line 196, in _run_module_as_main
    return _run_code(code, main_globals, None,
  File "/usr/lib/python3.10/runpy.py", line 86, in _run_code
    exec(code, run_globals)
  File "/home/ecosoft/frappe-bench/apps/frappe/frappe/utils/bench_helper.py", line 128, in <module>
    main()
  File "/home/ecosoft/frappe-bench/apps/frappe/frappe/utils/bench_helper.py", line 34, in main
    FrappeCommandGroup(commands=commands)(prog_name="bench")
  File "/home/ecosoft/frappe-bench/env/lib/python3.10/site-packages/click/core.py", line 1157, in __call__
    return self.main(*args, **kwargs)
  File "/home/ecosoft/frappe-bench/env/lib/python3.10/site-packages/click/core.py", line 1078, in main
    rv = self.invoke(ctx)
  File "/home/ecosoft/frappe-bench/env/lib/python3.10/site-packages/click/core.py", line 1688, in invoke
    return _process_result(sub_ctx.command.invoke(sub_ctx))
  File "/home/ecosoft/frappe-bench/env/lib/python3.10/site-packages/click/core.py", line 1688, in invoke
    return _process_result(sub_ctx.command.invoke(sub_ctx))
  File "/home/ecosoft/frappe-bench/env/lib/python3.10/site-packages/click/core.py", line 1434, in invoke
    return ctx.invoke(self.callback, **ctx.params)
  File "/home/ecosoft/frappe-bench/env/lib/python3.10/site-packages/click/core.py", line 783, in invoke
    return __callback(*args, **kwargs)
  File "/home/ecosoft/frappe-bench/apps/frappe/frappe/commands/scheduler.py", line 205, in start_worker
    start_worker(
  File "/home/ecosoft/frappe-bench/apps/frappe/frappe/utils/background_jobs.py", line 314, in start_worker
    worker.work(
  File "/home/ecosoft/frappe-bench/env/lib/python3.10/site-packages/rq/worker.py", line 458, in work
    self.teardown()
  File "/home/ecosoft/frappe-bench/env/lib/python3.10/site-packages/rq/worker.py", line 1049, in teardown
    self.unsubscribe()
  File "/home/ecosoft/frappe-bench/env/lib/python3.10/site-packages/rq/worker.py", line 626, in unsubscribe
    self.pubsub.unsubscribe()
  File "/home/ecosoft/frappe-bench/env/lib/python3.10/site-packages/redis/client.py", line 957, in unsubscribe
    return self.execute_command("UNSUBSCRIBE", *args)
  File "/home/ecosoft/frappe-bench/env/lib/python3.10/site-packages/redis/client.py", line 773, in execute_command
    self._execute(connection, connection.send_command, *args, **kwargs)
  File "/home/ecosoft/frappe-bench/env/lib/python3.10/site-packages/redis/client.py", line 816, in _execute
    return conn.retry.call_with_retry(
  File "/home/ecosoft/frappe-bench/env/lib/python3.10/site-packages/redis/retry.py", line 65, in call_with_retry
    fail(error)
  File "/home/ecosoft/frappe-bench/env/lib/python3.10/site-packages/redis/client.py", line 818, in <lambda>
    lambda error: self._disconnect_raise_connect(conn, error),
  File "/home/ecosoft/frappe-bench/env/lib/python3.10/site-packages/redis/client.py", line 805, in _disconnect_raise_connect
    raise error
  File "/home/ecosoft/frappe-bench/env/lib/python3.10/site-packages/redis/retry.py", line 62, in call_with_retry
    return do()
  File "/home/ecosoft/frappe-bench/env/lib/python3.10/site-packages/redis/client.py", line 817, in <lambda>
    lambda: command(*args, **kwargs),
  File "/home/ecosoft/frappe-bench/env/lib/python3.10/site-packages/redis/connection.py", line 476, in send_command
    self.send_packed_command(
  File "/home/ecosoft/frappe-bench/env/lib/python3.10/site-packages/redis/connection.py", line 446, in send_packed_command
    self.connect()
  File "/home/ecosoft/frappe-bench/env/lib/python3.10/site-packages/redis/connection.py", line 283, in connect
    raise ConnectionError(self._error_message(e))
redis.exceptions.ConnectionError: Error 111 connecting to 127.0.0.1:11000. Connection refused.
/home/ecosoft/frappe-bench/env/lib/python3.10/site-packages/rq/connections.py:58: DeprecationWarning: The `push_connection` function is deprecated. Pass the `connection` explicitly instead.
  warnings.warn(
/home/ecosoft/frappe-bench/env/lib/python3.10/site-packages/rq/connections.py:72: DeprecationWarning: The `pop_connection` function is deprecated. Pass the `connection` explicitly instead.
  warnings.warn(
/home/ecosoft/frappe-bench/env/lib/python3.10/site-packages/rq/connections.py:58: DeprecationWarning: The `push_connection` function is deprecated. Pass the `connection` explicitly instead.
  warnings.warn(
/home/ecosoft/frappe-bench/env/lib/python3.10/site-packages/pypdf/_crypt_providers/_cryptography.py:32: CryptographyDeprecationWarning: ARC4 has been moved to cryptography.hazmat.decrepit.ciphers.algorithms.ARC4 and will be removed from this module in 48.0.0.
  from cryptography.hazmat.primitives.ciphers.algorithms import AES, ARC4
/home/ecosoft/frappe-bench/env/lib/python3.10/site-packages/rq/connections.py:72: DeprecationWarning: The `pop_connection` function is deprecated. Pass the `connection` explicitly instead.
  warnings.warn(
/home/ecosoft/frappe-bench/env/lib/python3.10/site-packages/rq/connections.py:58: DeprecationWarning: The `push_connection` function is deprecated. Pass the `connection` explicitly instead.
  warnings.warn(
/home/ecosoft/frappe-bench/env/lib/python3.10/site-packages/rq/connections.py:72: DeprecationWarning: The `pop_connection` function is deprecated. Pass the `connection` explicitly instead.
  warnings.warn(
/home/ecosoft/frappe-bench/env/lib/python3.10/site-packages/rq/connections.py:58: DeprecationWarning: The `push_connection` function is deprecated. Pass the `connection` explicitly instead.
  warnings.warn(
/home/ecosoft/frappe-bench/env/lib/python3.10/site-packages/rq/connections.py:72: DeprecationWarning: The `pop_connection` function is deprecated. Pass the `connection` explicitly instead.
  warnings.warn(
/home/ecosoft/frappe-bench/env/lib/python3.10/site-packages/rq/connections.py:58: DeprecationWarning: The `push_connection` function is deprecated. Pass the `connection` explicitly instead.
  warnings.warn(
/home/ecosoft/frappe-bench/env/lib/python3.10/site-packages/rq/connections.py:72: DeprecationWarning: The `pop_connection` function is deprecated. Pass the `connection` explicitly instead.
  warnings.warn(
/home/ecosoft/frappe-bench/env/lib/python3.10/site-packages/rq/connections.py:58: DeprecationWarning: The `push_connection` function is deprecated. Pass the `connection` explicitly instead.
  warnings.warn(
/home/ecosoft/frappe-bench/env/lib/python3.10/site-packages/rq/connections.py:72: DeprecationWarning: The `pop_connection` function is deprecated. Pass the `connection` explicitly instead.
  warnings.warn(
/home/ecosoft/frappe-bench/env/lib/python3.10/site-packages/rq/connections.py:58: DeprecationWarning: The `push_connection` function is deprecated. Pass the `connection` explicitly instead.
  warnings.warn(
/home/ecosoft/frappe-bench/env/lib/python3.10/site-packages/rq/connections.py:72: DeprecationWarning: The `pop_connection` function is deprecated. Pass the `connection` explicitly instead.
  warnings.warn(
/home/ecosoft/frappe-bench/env/lib/python3.10/site-packages/rq/connections.py:58: DeprecationWarning: The `push_connection` function is deprecated. Pass the `connection` explicitly instead.
  warnings.warn(
/home/ecosoft/frappe-bench/env/lib/python3.10/site-packages/rq/connections.py:72: DeprecationWarning: The `pop_connection` function is deprecated. Pass the `connection` explicitly instead.
  warnings.warn(
/home/ecosoft/frappe-bench/env/lib/python3.10/site-packages/rq/connections.py:58: DeprecationWarning: The `push_connection` function is deprecated. Pass the `connection` explicitly instead.
  warnings.warn(
/home/ecosoft/frappe-bench/env/lib/python3.10/site-packages/rq/connections.py:72: DeprecationWarning: The `pop_connection` function is deprecated. Pass the `connection` explicitly instead.
  warnings.warn(
/home/ecosoft/frappe-bench/env/lib/python3.10/site-packages/rq/connections.py:58: DeprecationWarning: The `push_connection` function is deprecated. Pass the `connection` explicitly instead.
  warnings.warn(
/home/ecosoft/frappe-bench/env/lib/python3.10/site-packages/rq/connections.py:72: DeprecationWarning: The `pop_connection` function is deprecated. Pass the `connection` explicitly instead.
  warnings.warn(
/home/ecosoft/frappe-bench/env/lib/python3.10/site-packages/rq/connections.py:58: DeprecationWarning: The `push_connection` function is deprecated. Pass the `connection` explicitly instead.
  warnings.warn(
/home/ecosoft/frappe-bench/env/lib/python3.10/site-packages/rq/connections.py:72: DeprecationWarning: The `pop_connection` function is deprecated. Pass the `connection` explicitly instead.
  warnings.warn(
/home/ecosoft/frappe-bench/env/lib/python3.10/site-packages/rq/connections.py:58: DeprecationWarning: The `push_connection` function is deprecated. Pass the `connection` explicitly instead.
  warnings.warn(
/home/ecosoft/frappe-bench/env/lib/python3.10/site-packages/rq/connections.py:72: DeprecationWarning: The `pop_connection` function is deprecated. Pass the `connection` explicitly instead.
  warnings.warn(
/home/ecosoft/frappe-bench/env/lib/python3.10/site-packages/rq/connections.py:58: DeprecationWarning: The `push_connection` function is deprecated. Pass the `connection` explicitly instead.
  warnings.warn(
/home/ecosoft/frappe-bench/env/lib/python3.10/site-packages/rq/connections.py:72: DeprecationWarning: The `pop_connection` function is deprecated. Pass the `connection` explicitly instead.
  warnings.warn(
/home/ecosoft/frappe-bench/env/lib/python3.10/site-packages/rq/connections.py:58: DeprecationWarning: The `push_connection` function is deprecated. Pass the `connection` explicitly instead.
  warnings.warn(
/home/ecosoft/frappe-bench/env/lib/python3.10/site-packages/rq/connections.py:72: DeprecationWarning: The `pop_connection` function is deprecated. Pass the `connection` explicitly instead.
  warnings.warn(
/home/ecosoft/frappe-bench/env/lib/python3.10/site-packages/rq/connections.py:58: DeprecationWarning: The `push_connection` function is deprecated. Pass the `connection` explicitly instead.
  warnings.warn(
/home/ecosoft/frappe-bench/env/lib/python3.10/site-packages/rq/connections.py:72: DeprecationWarning: The `pop_connection` function is deprecated. Pass the `connection` explicitly instead.
  warnings.warn(
/home/ecosoft/frappe-bench/env/lib/python3.10/site-packages/rq/connections.py:58: DeprecationWarning: The `push_connection` function is deprecated. Pass the `connection` explicitly instead.
  warnings.warn(
/home/ecosoft/frappe-bench/env/lib/python3.10/site-packages/rq/connections.py:72: DeprecationWarning: The `pop_connection` function is deprecated. Pass the `connection` explicitly instead.
  warnings.warn(
/home/ecosoft/frappe-bench/env/lib/python3.10/site-packages/rq/connections.py:58: DeprecationWarning: The `push_connection` function is deprecated. Pass the `connection` explicitly instead.
  warnings.warn(
/home/ecosoft/frappe-bench/env/lib/python3.10/site-packages/rq/connections.py:72: DeprecationWarning: The `pop_connection` function is deprecated. Pass the `connection` explicitly instead.
  warnings.warn(
/home/ecosoft/frappe-bench/env/lib/python3.10/site-packages/rq/connections.py:58: DeprecationWarning: The `push_connection` function is deprecated. Pass the `connection` explicitly instead.
  warnings.warn(
/home/ecosoft/frappe-bench/env/lib/python3.10/site-packages/rq/connections.py:72: DeprecationWarning: The `pop_connection` function is deprecated. Pass the `connection` explicitly instead.
  warnings.warn(
/home/ecosoft/frappe-bench/env/lib/python3.10/site-packages/rq/connections.py:58: DeprecationWarning: The `push_connection` function is deprecated. Pass the `connection` explicitly instead.
  warnings.warn(
/home/ecosoft/frappe-bench/env/lib/python3.10/site-packages/rq/connections.py:72: DeprecationWarning: The `pop_connection` function is deprecated. Pass the `connection` explicitly instead.
  warnings.warn(
/home/ecosoft/frappe-bench/env/lib/python3.10/site-packages/rq/connections.py:58: DeprecationWarning: The `push_connection` function is deprecated. Pass the `connection` explicitly instead.
  warnings.warn(
/home/ecosoft/frappe-bench/env/lib/python3.10/site-packages/rq/connections.py:72: DeprecationWarning: The `pop_connection` function is deprecated. Pass the `connection` explicitly instead.
  warnings.warn(
/home/ecosoft/frappe-bench/env/lib/python3.10/site-packages/rq/connections.py:58: DeprecationWarning: The `push_connection` function is deprecated. Pass the `connection` explicitly instead.
  warnings.warn(
/home/ecosoft/frappe-bench/env/lib/python3.10/site-packages/rq/connections.py:72: DeprecationWarning: The `pop_connection` function is deprecated. Pass the `connection` explicitly instead.
  warnings.warn(
/home/ecosoft/frappe-bench/env/lib/python3.10/site-packages/rq/connections.py:58: DeprecationWarning: The `push_connection` function is deprecated. Pass the `connection` explicitly instead.
  warnings.warn(
/home/ecosoft/frappe-bench/env/lib/python3.10/site-packages/rq/connections.py:72: DeprecationWarning: The `pop_connection` function is deprecated. Pass the `connection` explicitly instead.
  warnings.warn(
/home/ecosoft/frappe-bench/env/lib/python3.10/site-packages/rq/connections.py:58: DeprecationWarning: The `push_connection` function is deprecated. Pass the `connection` explicitly instead.
  warnings.warn(
/home/ecosoft/frappe-bench/env/lib/python3.10/site-packages/rq/connections.py:72: DeprecationWarning: The `pop_connection` function is deprecated. Pass the `connection` explicitly instead.
  warnings.warn(
/home/ecosoft/frappe-bench/env/lib/python3.10/site-packages/rq/connections.py:58: DeprecationWarning: The `push_connection` function is deprecated. Pass the `connection` explicitly instead.
  warnings.warn(
/home/ecosoft/frappe-bench/env/lib/python3.10/site-packages/pypdf/_crypt_providers/_cryptography.py:32: CryptographyDeprecationWarning: ARC4 has been moved to cryptography.hazmat.decrepit.ciphers.algorithms.ARC4 and will be removed from this module in 48.0.0.
  from cryptography.hazmat.primitives.ciphers.algorithms import AES, ARC4
/home/ecosoft/frappe-bench/env/lib/python3.10/site-packages/rq/connections.py:72: DeprecationWarning: The `pop_connection` function is deprecated. Pass the `connection` explicitly instead.
  warnings.warn(
/home/ecosoft/frappe-bench/env/lib/python3.10/site-packages/rq/connections.py:58: DeprecationWarning: The `push_connection` function is deprecated. Pass the `connection` explicitly instead.
  warnings.warn(
/home/ecosoft/frappe-bench/env/lib/python3.10/site-packages/rq/connections.py:72: DeprecationWarning: The `pop_connection` function is deprecated. Pass the `connection` explicitly instead.
  warnings.warn(
/home/ecosoft/frappe-bench/env/lib/python3.10/site-packages/rq/connections.py:58: DeprecationWarning: The `push_connection` function is deprecated. Pass the `connection` explicitly instead.
  warnings.warn(
/home/ecosoft/frappe-bench/env/lib/python3.10/site-packages/rq/connections.py:72: DeprecationWarning: The `pop_connection` function is deprecated. Pass the `connection` explicitly instead.
  warnings.warn(
/home/ecosoft/frappe-bench/env/lib/python3.10/site-packages/rq/connections.py:58: DeprecationWarning: The `push_connection` function is deprecated. Pass the `connection` explicitly instead.
  warnings.warn(
/home/ecosoft/frappe-bench/env/lib/python3.10/site-packages/rq/connections.py:72: DeprecationWarning: The `pop_connection` function is deprecated. Pass the `connection` explicitly instead.
  warnings.warn(
/home/ecosoft/frappe-bench/env/lib/python3.10/site-packages/rq/connections.py:58: DeprecationWarning: The `push_connection` function is deprecated. Pass the `connection` explicitly instead.
  warnings.warn(
/home/ecosoft/frappe-bench/env/lib/python3.10/site-packages/rq/connections.py:72: DeprecationWarning: The `pop_connection` function is deprecated. Pass the `connection` explicitly instead.
  warnings.warn(
/home/ecosoft/frappe-bench/env/lib/python3.10/site-packages/rq/connections.py:58: DeprecationWarning: The `push_connection` function is deprecated. Pass the `connection` explicitly instead.
  warnings.warn(
/home/ecosoft/frappe-bench/env/lib/python3.10/site-packages/rq/connections.py:72: DeprecationWarning: The `pop_connection` function is deprecated. Pass the `connection` explicitly instead.
  warnings.warn(
/home/ecosoft/frappe-bench/env/lib/python3.10/site-packages/rq/connections.py:58: DeprecationWarning: The `push_connection` function is deprecated. Pass the `connection` explicitly instead.
  warnings.warn(
/home/ecosoft/frappe-bench/env/lib/python3.10/site-packages/pypdf/_crypt_providers/_cryptography.py:32: CryptographyDeprecationWarning: ARC4 has been moved to cryptography.hazmat.decrepit.ciphers.algorithms.ARC4 and will be removed from this module in 48.0.0.
  from cryptography.hazmat.primitives.ciphers.algorithms import AES, ARC4
/home/ecosoft/frappe-bench/env/lib/python3.10/site-packages/rq/connections.py:72: DeprecationWarning: The `pop_connection` function is deprecated. Pass the `connection` explicitly instead.
  warnings.warn(
/home/ecosoft/frappe-bench/env/lib/python3.10/site-packages/rq/connections.py:58: DeprecationWarning: The `push_connection` function is deprecated. Pass the `connection` explicitly instead.
  warnings.warn(
/home/ecosoft/frappe-bench/env/lib/python3.10/site-packages/rq/connections.py:72: DeprecationWarning: The `pop_connection` function is deprecated. Pass the `connection` explicitly instead.
  warnings.warn(
/home/ecosoft/frappe-bench/env/lib/python3.10/site-packages/rq/connections.py:58: DeprecationWarning: The `push_connection` function is deprecated. Pass the `connection` explicitly instead.
  warnings.warn(
/home/ecosoft/frappe-bench/env/lib/python3.10/site-packages/rq/connections.py:72: DeprecationWarning: The `pop_connection` function is deprecated. Pass the `connection` explicitly instead.
  warnings.warn(
/home/ecosoft/frappe-bench/env/lib/python3.10/site-packages/rq/connections.py:58: DeprecationWarning: The `push_connection` function is deprecated. Pass the `connection` explicitly instead.
  warnings.warn(
/home/ecosoft/frappe-bench/env/lib/python3.10/site-packages/rq/connections.py:72: DeprecationWarning: The `pop_connection` function is deprecated. Pass the `connection` explicitly instead.
  warnings.warn(
/home/ecosoft/frappe-bench/env/lib/python3.10/site-packages/rq/connections.py:58: DeprecationWarning: The `push_connection` function is deprecated. Pass the `connection` explicitly instead.
  warnings.warn(
/home/ecosoft/frappe-bench/env/lib/python3.10/site-packages/pypdf/_crypt_providers/_cryptography.py:32: CryptographyDeprecationWarning: ARC4 has been moved to cryptography.hazmat.decrepit.ciphers.algorithms.ARC4 and will be removed from this module in 48.0.0.
  from cryptography.hazmat.primitives.ciphers.algorithms import AES, ARC4
/home/ecosoft/frappe-bench/env/lib/python3.10/site-packages/rq/connections.py:72: DeprecationWarning: The `pop_connection` function is deprecated. Pass the `connection` explicitly instead.
  warnings.warn(
/home/ecosoft/frappe-bench/env/lib/python3.10/site-packages/rq/connections.py:58: DeprecationWarning: The `push_connection` function is deprecated. Pass the `connection` explicitly instead.
  warnings.warn(
/home/ecosoft/frappe-bench/env/lib/python3.10/site-packages/rq/connections.py:72: DeprecationWarning: The `pop_connection` function is deprecated. Pass the `connection` explicitly instead.
  warnings.warn(
Exception in thread Thread-1:
Traceback (most recent call last):
  File "/usr/lib/python3.10/threading.py", line 1016, in _bootstrap_inner
    self.run()
  File "/home/ecosoft/frappe-bench/env/lib/python3.10/site-packages/redis/client.py", line 1167, in run
    pubsub.get_message(ignore_subscribe_messages=True, timeout=sleep_time)
  File "/home/ecosoft/frappe-bench/env/lib/python3.10/site-packages/redis/client.py", line 1029, in get_message
    response = self.parse_response(block=(timeout is None), timeout=timeout)
  File "/home/ecosoft/frappe-bench/env/lib/python3.10/site-packages/redis/client.py", line 840, in parse_response
    response = self._execute(conn, try_read)
  File "/home/ecosoft/frappe-bench/env/lib/python3.10/site-packages/redis/client.py", line 816, in _execute
    return conn.retry.call_with_retry(
  File "/home/ecosoft/frappe-bench/env/lib/python3.10/site-packages/redis/retry.py", line 65, in call_with_retry
    fail(error)
  File "/home/ecosoft/frappe-bench/env/lib/python3.10/site-packages/redis/client.py", line 818, in <lambda>
    lambda error: self._disconnect_raise_connect(conn, error),
  File "/home/ecosoft/frappe-bench/env/lib/python3.10/site-packages/redis/client.py", line 805, in _disconnect_raise_connect
    raise error
  File "/home/ecosoft/frappe-bench/env/lib/python3.10/site-packages/redis/retry.py", line 62, in call_with_retry
    return do()
  File "/home/ecosoft/frappe-bench/env/lib/python3.10/site-packages/redis/client.py", line 817, in <lambda>
    lambda: command(*args, **kwargs),
  File "/home/ecosoft/frappe-bench/env/lib/python3.10/site-packages/redis/client.py", line 834, in try_read
    if not conn.can_read(timeout=timeout):
  File "/home/ecosoft/frappe-bench/env/lib/python3.10/site-packages/redis/connection.py", line 490, in can_read
    return self._parser.can_read(timeout)
  File "/home/ecosoft/frappe-bench/env/lib/python3.10/site-packages/redis/_parsers/hiredis.py", line 81, in can_read
    return self.read_from_socket(timeout=timeout, raise_on_timeout=False)
  File "/home/ecosoft/frappe-bench/env/lib/python3.10/site-packages/redis/_parsers/hiredis.py", line 92, in read_from_socket
    raise ConnectionError(SERVER_CLOSED_CONNECTION_ERROR)
redis.exceptions.ConnectionError: Connection closed by server.
Traceback (most recent call last):
  File "/home/ecosoft/frappe-bench/env/lib/python3.10/site-packages/redis/connection.py", line 277, in connect
    sock = self.retry.call_with_retry(
  File "/home/ecosoft/frappe-bench/env/lib/python3.10/site-packages/redis/retry.py", line 62, in call_with_retry
    return do()
  File "/home/ecosoft/frappe-bench/env/lib/python3.10/site-packages/redis/connection.py", line 278, in <lambda>
    lambda: self._connect(), lambda error: self.disconnect(error)
  File "/home/ecosoft/frappe-bench/env/lib/python3.10/site-packages/redis/connection.py", line 639, in _connect
    raise err
  File "/home/ecosoft/frappe-bench/env/lib/python3.10/site-packages/redis/connection.py", line 627, in _connect
    sock.connect(socket_address)
ConnectionRefusedError: [Errno 111] Connection refused

During handling of the above exception, another exception occurred:

Traceback (most recent call last):
  File "/usr/lib/python3.10/runpy.py", line 196, in _run_module_as_main
    return _run_code(code, main_globals, None,
  File "/usr/lib/python3.10/runpy.py", line 86, in _run_code
    exec(code, run_globals)
  File "/home/ecosoft/frappe-bench/apps/frappe/frappe/utils/bench_helper.py", line 128, in <module>
    main()
  File "/home/ecosoft/frappe-bench/apps/frappe/frappe/utils/bench_helper.py", line 34, in main
    FrappeCommandGroup(commands=commands)(prog_name="bench")
  File "/home/ecosoft/frappe-bench/env/lib/python3.10/site-packages/click/core.py", line 1157, in __call__
    return self.main(*args, **kwargs)
  File "/home/ecosoft/frappe-bench/env/lib/python3.10/site-packages/click/core.py", line 1078, in main
    rv = self.invoke(ctx)
  File "/home/ecosoft/frappe-bench/env/lib/python3.10/site-packages/click/core.py", line 1688, in invoke
    return _process_result(sub_ctx.command.invoke(sub_ctx))
  File "/home/ecosoft/frappe-bench/env/lib/python3.10/site-packages/click/core.py", line 1688, in invoke
    return _process_result(sub_ctx.command.invoke(sub_ctx))
  File "/home/ecosoft/frappe-bench/env/lib/python3.10/site-packages/click/core.py", line 1434, in invoke
    return ctx.invoke(self.callback, **ctx.params)
  File "/home/ecosoft/frappe-bench/env/lib/python3.10/site-packages/click/core.py", line 783, in invoke
    return __callback(*args, **kwargs)
  File "/home/ecosoft/frappe-bench/apps/frappe/frappe/commands/scheduler.py", line 205, in start_worker
    start_worker(
  File "/home/ecosoft/frappe-bench/apps/frappe/frappe/utils/background_jobs.py", line 314, in start_worker
    worker.work(
  File "/home/ecosoft/frappe-bench/env/lib/python3.10/site-packages/rq/worker.py", line 458, in work
    self.teardown()
  File "/home/ecosoft/frappe-bench/env/lib/python3.10/site-packages/rq/worker.py", line 1049, in teardown
    self.unsubscribe()
  File "/home/ecosoft/frappe-bench/env/lib/python3.10/site-packages/rq/worker.py", line 626, in unsubscribe
    self.pubsub.unsubscribe()
  File "/home/ecosoft/frappe-bench/env/lib/python3.10/site-packages/redis/client.py", line 957, in unsubscribe
    return self.execute_command("UNSUBSCRIBE", *args)
  File "/home/ecosoft/frappe-bench/env/lib/python3.10/site-packages/redis/client.py", line 773, in execute_command
    self._execute(connection, connection.send_command, *args, **kwargs)
  File "/home/ecosoft/frappe-bench/env/lib/python3.10/site-packages/redis/client.py", line 816, in _execute
    return conn.retry.call_with_retry(
  File "/home/ecosoft/frappe-bench/env/lib/python3.10/site-packages/redis/retry.py", line 65, in call_with_retry
    fail(error)
  File "/home/ecosoft/frappe-bench/env/lib/python3.10/site-packages/redis/client.py", line 818, in <lambda>
    lambda error: self._disconnect_raise_connect(conn, error),
  File "/home/ecosoft/frappe-bench/env/lib/python3.10/site-packages/redis/client.py", line 805, in _disconnect_raise_connect
    raise error
  File "/home/ecosoft/frappe-bench/env/lib/python3.10/site-packages/redis/retry.py", line 62, in call_with_retry
    return do()
  File "/home/ecosoft/frappe-bench/env/lib/python3.10/site-packages/redis/client.py", line 817, in <lambda>
    lambda: command(*args, **kwargs),
  File "/home/ecosoft/frappe-bench/env/lib/python3.10/site-packages/redis/connection.py", line 476, in send_command
    self.send_packed_command(
  File "/home/ecosoft/frappe-bench/env/lib/python3.10/site-packages/redis/connection.py", line 446, in send_packed_command
    self.connect()
  File "/home/ecosoft/frappe-bench/env/lib/python3.10/site-packages/redis/connection.py", line 283, in connect
    raise ConnectionError(self._error_message(e))
redis.exceptions.ConnectionError: Error 111 connecting to 127.0.0.1:11000. Connection refused.
/home/ecosoft/frappe-bench/env/lib/python3.10/site-packages/rq/connections.py:58: DeprecationWarning: The `push_connection` function is deprecated. Pass the `connection` explicitly instead.
  warnings.warn(
/home/ecosoft/frappe-bench/env/lib/python3.10/site-packages/rq/connections.py:72: DeprecationWarning: The `pop_connection` function is deprecated. Pass the `connection` explicitly instead.
  warnings.warn(
/home/ecosoft/frappe-bench/env/lib/python3.10/site-packages/rq/connections.py:58: DeprecationWarning: The `push_connection` function is deprecated. Pass the `connection` explicitly instead.
  warnings.warn(
/home/ecosoft/frappe-bench/env/lib/python3.10/site-packages/rq/connections.py:72: DeprecationWarning: The `pop_connection` function is deprecated. Pass the `connection` explicitly instead.
  warnings.warn(
/home/ecosoft/frappe-bench/env/lib/python3.10/site-packages/rq/connections.py:58: DeprecationWarning: The `push_connection` function is deprecated. Pass the `connection` explicitly instead.
  warnings.warn(
/home/ecosoft/frappe-bench/env/lib/python3.10/site-packages/rq/connections.py:72: DeprecationWarning: The `pop_connection` function is deprecated. Pass the `connection` explicitly instead.
  warnings.warn(
/home/ecosoft/frappe-bench/env/lib/python3.10/site-packages/rq/connections.py:58: DeprecationWarning: The `push_connection` function is deprecated. Pass the `connection` explicitly instead.
  warnings.warn(
/home/ecosoft/frappe-bench/env/lib/python3.10/site-packages/rq/connections.py:72: DeprecationWarning: The `pop_connection` function is deprecated. Pass the `connection` explicitly instead.
  warnings.warn(
/home/ecosoft/frappe-bench/env/lib/python3.10/site-packages/rq/connections.py:58: DeprecationWarning: The `push_connection` function is deprecated. Pass the `connection` explicitly instead.
  warnings.warn(
/home/ecosoft/frappe-bench/env/lib/python3.10/site-packages/rq/connections.py:72: DeprecationWarning: The `pop_connection` function is deprecated. Pass the `connection` explicitly instead.
  warnings.warn(
/home/ecosoft/frappe-bench/env/lib/python3.10/site-packages/rq/connections.py:58: DeprecationWarning: The `push_connection` function is deprecated. Pass the `connection` explicitly instead.
  warnings.warn(
/home/ecosoft/frappe-bench/env/lib/python3.10/site-packages/rq/connections.py:72: DeprecationWarning: The `pop_connection` function is deprecated. Pass the `connection` explicitly instead.
  warnings.warn(
/home/ecosoft/frappe-bench/env/lib/python3.10/site-packages/rq/connections.py:58: DeprecationWarning: The `push_connection` function is deprecated. Pass the `connection` explicitly instead.
  warnings.warn(
/home/ecosoft/frappe-bench/env/lib/python3.10/site-packages/rq/connections.py:72: DeprecationWarning: The `pop_connection` function is deprecated. Pass the `connection` explicitly instead.
  warnings.warn(
/home/ecosoft/frappe-bench/env/lib/python3.10/site-packages/rq/connections.py:58: DeprecationWarning: The `push_connection` function is deprecated. Pass the `connection` explicitly instead.
  warnings.warn(
/home/ecosoft/frappe-bench/env/lib/python3.10/site-packages/rq/connections.py:72: DeprecationWarning: The `pop_connection` function is deprecated. Pass the `connection` explicitly instead.
  warnings.warn(
/home/ecosoft/frappe-bench/env/lib/python3.10/site-packages/rq/connections.py:58: DeprecationWarning: The `push_connection` function is deprecated. Pass the `connection` explicitly instead.
  warnings.warn(
/home/ecosoft/frappe-bench/env/lib/python3.10/site-packages/pypdf/_crypt_providers/_cryptography.py:32: CryptographyDeprecationWarning: ARC4 has been moved to cryptography.hazmat.decrepit.ciphers.algorithms.ARC4 and will be removed from this module in 48.0.0.
  from cryptography.hazmat.primitives.ciphers.algorithms import AES, ARC4
/home/ecosoft/frappe-bench/env/lib/python3.10/site-packages/rq/connections.py:72: DeprecationWarning: The `pop_connection` function is deprecated. Pass the `connection` explicitly instead.
  warnings.warn(
/home/ecosoft/frappe-bench/env/lib/python3.10/site-packages/rq/connections.py:58: DeprecationWarning: The `push_connection` function is deprecated. Pass the `connection` explicitly instead.
  warnings.warn(
/home/ecosoft/frappe-bench/env/lib/python3.10/site-packages/rq/connections.py:72: DeprecationWarning: The `pop_connection` function is deprecated. Pass the `connection` explicitly instead.
  warnings.warn(
/home/ecosoft/frappe-bench/env/lib/python3.10/site-packages/rq/connections.py:58: DeprecationWarning: The `push_connection` function is deprecated. Pass the `connection` explicitly instead.
  warnings.warn(
/home/ecosoft/frappe-bench/env/lib/python3.10/site-packages/rq/connections.py:72: DeprecationWarning: The `pop_connection` function is deprecated. Pass the `connection` explicitly instead.
  warnings.warn(
/home/ecosoft/frappe-bench/env/lib/python3.10/site-packages/rq/connections.py:58: DeprecationWarning: The `push_connection` function is deprecated. Pass the `connection` explicitly instead.
  warnings.warn(
/home/ecosoft/frappe-bench/env/lib/python3.10/site-packages/rq/connections.py:72: DeprecationWarning: The `pop_connection` function is deprecated. Pass the `connection` explicitly instead.
  warnings.warn(
/home/ecosoft/frappe-bench/env/lib/python3.10/site-packages/rq/connections.py:58: DeprecationWarning: The `push_connection` function is deprecated. Pass the `connection` explicitly instead.
  warnings.warn(
/home/ecosoft/frappe-bench/env/lib/python3.10/site-packages/rq/connections.py:72: DeprecationWarning: The `pop_connection` function is deprecated. Pass the `connection` explicitly instead.
  warnings.warn(
/home/ecosoft/frappe-bench/env/lib/python3.10/site-packages/rq/connections.py:58: DeprecationWarning: The `push_connection` function is deprecated. Pass the `connection` explicitly instead.
  warnings.warn(
/home/ecosoft/frappe-bench/env/lib/python3.10/site-packages/rq/connections.py:72: DeprecationWarning: The `pop_connection` function is deprecated. Pass the `connection` explicitly instead.
  warnings.warn(
/home/ecosoft/frappe-bench/env/lib/python3.10/site-packages/rq/connections.py:58: DeprecationWarning: The `push_connection` function is deprecated. Pass the `connection` explicitly instead.
  warnings.warn(
/home/ecosoft/frappe-bench/env/lib/python3.10/site-packages/rq/connections.py:72: DeprecationWarning: The `pop_connection` function is deprecated. Pass the `connection` explicitly instead.
  warnings.warn(
/home/ecosoft/frappe-bench/env/lib/python3.10/site-packages/rq/connections.py:58: DeprecationWarning: The `push_connection` function is deprecated. Pass the `connection` explicitly instead.
  warnings.warn(
/home/ecosoft/frappe-bench/env/lib/python3.10/site-packages/rq/connections.py:72: DeprecationWarning: The `pop_connection` function is deprecated. Pass the `connection` explicitly instead.
  warnings.warn(
/home/ecosoft/frappe-bench/env/lib/python3.10/site-packages/rq/connections.py:58: DeprecationWarning: The `push_connection` function is deprecated. Pass the `connection` explicitly instead.
  warnings.warn(
/home/ecosoft/frappe-bench/env/lib/python3.10/site-packages/rq/connections.py:72: DeprecationWarning: The `pop_connection` function is deprecated. Pass the `connection` explicitly instead.
  warnings.warn(
/home/ecosoft/frappe-bench/env/lib/python3.10/site-packages/rq/connections.py:58: DeprecationWarning: The `push_connection` function is deprecated. Pass the `connection` explicitly instead.
  warnings.warn(
/home/ecosoft/frappe-bench/env/lib/python3.10/site-packages/rq/connections.py:72: DeprecationWarning: The `pop_connection` function is deprecated. Pass the `connection` explicitly instead.
  warnings.warn(
/home/ecosoft/frappe-bench/env/lib/python3.10/site-packages/rq/connections.py:58: DeprecationWarning: The `push_connection` function is deprecated. Pass the `connection` explicitly instead.
  warnings.warn(
/home/ecosoft/frappe-bench/env/lib/python3.10/site-packages/rq/connections.py:72: DeprecationWarning: The `pop_connection` function is deprecated. Pass the `connection` explicitly instead.
  warnings.warn(
/home/ecosoft/frappe-bench/env/lib/python3.10/site-packages/rq/connections.py:58: DeprecationWarning: The `push_connection` function is deprecated. Pass the `connection` explicitly instead.
  warnings.warn(
/home/ecosoft/frappe-bench/env/lib/python3.10/site-packages/rq/connections.py:72: DeprecationWarning: The `pop_connection` function is deprecated. Pass the `connection` explicitly instead.
  warnings.warn(
/home/ecosoft/frappe-bench/env/lib/python3.10/site-packages/rq/connections.py:58: DeprecationWarning: The `push_connection` function is deprecated. Pass the `connection` explicitly instead.
  warnings.warn(
/home/ecosoft/frappe-bench/env/lib/python3.10/site-packages/rq/connections.py:72: DeprecationWarning: The `pop_connection` function is deprecated. Pass the `connection` explicitly instead.
  warnings.warn(
/home/ecosoft/frappe-bench/env/lib/python3.10/site-packages/rq/connections.py:58: DeprecationWarning: The `push_connection` function is deprecated. Pass the `connection` explicitly instead.
  warnings.warn(
/home/ecosoft/frappe-bench/env/lib/python3.10/site-packages/rq/connections.py:72: DeprecationWarning: The `pop_connection` function is deprecated. Pass the `connection` explicitly instead.
  warnings.warn(
/home/ecosoft/frappe-bench/env/lib/python3.10/site-packages/rq/connections.py:58: DeprecationWarning: The `push_connection` function is deprecated. Pass the `connection` explicitly instead.
  warnings.warn(
/home/ecosoft/frappe-bench/env/lib/python3.10/site-packages/rq/connections.py:72: DeprecationWarning: The `pop_connection` function is deprecated. Pass the `connection` explicitly instead.
  warnings.warn(
/home/ecosoft/frappe-bench/env/lib/python3.10/site-packages/rq/connections.py:58: DeprecationWarning: The `push_connection` function is deprecated. Pass the `connection` explicitly instead.
  warnings.warn(
/home/ecosoft/frappe-bench/env/lib/python3.10/site-packages/rq/connections.py:72: DeprecationWarning: The `pop_connection` function is deprecated. Pass the `connection` explicitly instead.
  warnings.warn(
/home/ecosoft/frappe-bench/env/lib/python3.10/site-packages/rq/connections.py:58: DeprecationWarning: The `push_connection` function is deprecated. Pass the `connection` explicitly instead.
  warnings.warn(
/home/ecosoft/frappe-bench/env/lib/python3.10/site-packages/rq/connections.py:72: DeprecationWarning: The `pop_connection` function is deprecated. Pass the `connection` explicitly instead.
  warnings.warn(
/home/ecosoft/frappe-bench/env/lib/python3.10/site-packages/rq/connections.py:58: DeprecationWarning: The `push_connection` function is deprecated. Pass the `connection` explicitly instead.
  warnings.warn(
/home/ecosoft/frappe-bench/env/lib/python3.10/site-packages/rq/connections.py:72: DeprecationWarning: The `pop_connection` function is deprecated. Pass the `connection` explicitly instead.
  warnings.warn(
/home/ecosoft/frappe-bench/env/lib/python3.10/site-packages/rq/connections.py:58: DeprecationWarning: The `push_connection` function is deprecated. Pass the `connection` explicitly instead.
  warnings.warn(
/home/ecosoft/frappe-bench/env/lib/python3.10/site-packages/pypdf/_crypt_providers/_cryptography.py:32: CryptographyDeprecationWarning: ARC4 has been moved to cryptography.hazmat.decrepit.ciphers.algorithms.ARC4 and will be removed from this module in 48.0.0.
  from cryptography.hazmat.primitives.ciphers.algorithms import AES, ARC4
/home/ecosoft/frappe-bench/env/lib/python3.10/site-packages/rq/connections.py:72: DeprecationWarning: The `pop_connection` function is deprecated. Pass the `connection` explicitly instead.
  warnings.warn(
/home/ecosoft/frappe-bench/env/lib/python3.10/site-packages/rq/connections.py:58: DeprecationWarning: The `push_connection` function is deprecated. Pass the `connection` explicitly instead.
  warnings.warn(
/home/ecosoft/frappe-bench/env/lib/python3.10/site-packages/rq/connections.py:72: DeprecationWarning: The `pop_connection` function is deprecated. Pass the `connection` explicitly instead.
  warnings.warn(
/home/ecosoft/frappe-bench/env/lib/python3.10/site-packages/rq/connections.py:58: DeprecationWarning: The `push_connection` function is deprecated. Pass the `connection` explicitly instead.
  warnings.warn(
/home/ecosoft/frappe-bench/env/lib/python3.10/site-packages/rq/connections.py:72: DeprecationWarning: The `pop_connection` function is deprecated. Pass the `connection` explicitly instead.
  warnings.warn(
/home/ecosoft/frappe-bench/env/lib/python3.10/site-packages/rq/connections.py:58: DeprecationWarning: The `push_connection` function is deprecated. Pass the `connection` explicitly instead.
  warnings.warn(
/home/ecosoft/frappe-bench/env/lib/python3.10/site-packages/rq/connections.py:72: DeprecationWarning: The `pop_connection` function is deprecated. Pass the `connection` explicitly instead.
  warnings.warn(
/home/ecosoft/frappe-bench/env/lib/python3.10/site-packages/rq/connections.py:58: DeprecationWarning: The `push_connection` function is deprecated. Pass the `connection` explicitly instead.
  warnings.warn(
/home/ecosoft/frappe-bench/env/lib/python3.10/site-packages/rq/connections.py:72: DeprecationWarning: The `pop_connection` function is deprecated. Pass the `connection` explicitly instead.
  warnings.warn(
/home/ecosoft/frappe-bench/env/lib/python3.10/site-packages/rq/connections.py:58: DeprecationWarning: The `push_connection` function is deprecated. Pass the `connection` explicitly instead.
  warnings.warn(
/home/ecosoft/frappe-bench/env/lib/python3.10/site-packages/rq/connections.py:72: DeprecationWarning: The `pop_connection` function is deprecated. Pass the `connection` explicitly instead.
  warnings.warn(
/home/ecosoft/frappe-bench/env/lib/python3.10/site-packages/rq/connections.py:58: DeprecationWarning: The `push_connection` function is deprecated. Pass the `connection` explicitly instead.
  warnings.warn(
/home/ecosoft/frappe-bench/env/lib/python3.10/site-packages/rq/connections.py:72: DeprecationWarning: The `pop_connection` function is deprecated. Pass the `connection` explicitly instead.
  warnings.warn(
/home/ecosoft/frappe-bench/env/lib/python3.10/site-packages/rq/connections.py:58: DeprecationWarning: The `push_connection` function is deprecated. Pass the `connection` explicitly instead.
  warnings.warn(
/home/ecosoft/frappe-bench/env/lib/python3.10/site-packages/rq/connections.py:72: DeprecationWarning: The `pop_connection` function is deprecated. Pass the `connection` explicitly instead.
  warnings.warn(
/home/ecosoft/frappe-bench/env/lib/python3.10/site-packages/rq/connections.py:58: DeprecationWarning: The `push_connection` function is deprecated. Pass the `connection` explicitly instead.
  warnings.warn(
/home/ecosoft/frappe-bench/env/lib/python3.10/site-packages/pypdf/_crypt_providers/_cryptography.py:32: CryptographyDeprecationWarning: ARC4 has been moved to cryptography.hazmat.decrepit.ciphers.algorithms.ARC4 and will be removed from this module in 48.0.0.
  from cryptography.hazmat.primitives.ciphers.algorithms import AES, ARC4
/home/ecosoft/frappe-bench/env/lib/python3.10/site-packages/rq/connections.py:72: DeprecationWarning: The `pop_connection` function is deprecated. Pass the `connection` explicitly instead.
  warnings.warn(
/home/ecosoft/frappe-bench/env/lib/python3.10/site-packages/rq/connections.py:58: DeprecationWarning: The `push_connection` function is deprecated. Pass the `connection` explicitly instead.
  warnings.warn(
/home/ecosoft/frappe-bench/env/lib/python3.10/site-packages/rq/connections.py:72: DeprecationWarning: The `pop_connection` function is deprecated. Pass the `connection` explicitly instead.
  warnings.warn(
/home/ecosoft/frappe-bench/env/lib/python3.10/site-packages/rq/connections.py:58: DeprecationWarning: The `push_connection` function is deprecated. Pass the `connection` explicitly instead.
  warnings.warn(
/home/ecosoft/frappe-bench/env/lib/python3.10/site-packages/rq/connections.py:72: DeprecationWarning: The `pop_connection` function is deprecated. Pass the `connection` explicitly instead.
  warnings.warn(
/home/ecosoft/frappe-bench/env/lib/python3.10/site-packages/rq/connections.py:58: DeprecationWarning: The `push_connection` function is deprecated. Pass the `connection` explicitly instead.
  warnings.warn(
/home/ecosoft/frappe-bench/env/lib/python3.10/site-packages/rq/connections.py:72: DeprecationWarning: The `pop_connection` function is deprecated. Pass the `connection` explicitly instead.
  warnings.warn(
/home/ecosoft/frappe-bench/env/lib/python3.10/site-packages/rq/connections.py:58: DeprecationWarning: The `push_connection` function is deprecated. Pass the `connection` explicitly instead.
  warnings.warn(
/home/ecosoft/frappe-bench/env/lib/python3.10/site-packages/rq/connections.py:72: DeprecationWarning: The `pop_connection` function is deprecated. Pass the `connection` explicitly instead.
  warnings.warn(
/home/ecosoft/frappe-bench/env/lib/python3.10/site-packages/rq/connections.py:58: DeprecationWarning: The `push_connection` function is deprecated. Pass the `connection` explicitly instead.
  warnings.warn(
/home/ecosoft/frappe-bench/env/lib/python3.10/site-packages/rq/connections.py:72: DeprecationWarning: The `pop_connection` function is deprecated. Pass the `connection` explicitly instead.
  warnings.warn(
/home/ecosoft/frappe-bench/env/lib/python3.10/site-packages/rq/connections.py:58: DeprecationWarning: The `push_connection` function is deprecated. Pass the `connection` explicitly instead.
  warnings.warn(
/home/ecosoft/frappe-bench/env/lib/python3.10/site-packages/rq/connections.py:72: DeprecationWarning: The `pop_connection` function is deprecated. Pass the `connection` explicitly instead.
  warnings.warn(
/home/ecosoft/frappe-bench/env/lib/python3.10/site-packages/rq/connections.py:58: DeprecationWarning: The `push_connection` function is deprecated. Pass the `connection` explicitly instead.
  warnings.warn(
/home/ecosoft/frappe-bench/env/lib/python3.10/site-packages/rq/connections.py:72: DeprecationWarning: The `pop_connection` function is deprecated. Pass the `connection` explicitly instead.
  warnings.warn(
/home/ecosoft/frappe-bench/env/lib/python3.10/site-packages/rq/connections.py:58: DeprecationWarning: The `push_connection` function is deprecated. Pass the `connection` explicitly instead.
  warnings.warn(
/home/ecosoft/frappe-bench/env/lib/python3.10/site-packages/rq/connections.py:72: DeprecationWarning: The `pop_connection` function is deprecated. Pass the `connection` explicitly instead.
  warnings.warn(
/home/ecosoft/frappe-bench/env/lib/python3.10/site-packages/rq/connections.py:58: DeprecationWarning: The `push_connection` function is deprecated. Pass the `connection` explicitly instead.
  warnings.warn(
/home/ecosoft/frappe-bench/env/lib/python3.10/site-packages/rq/connections.py:72: DeprecationWarning: The `pop_connection` function is deprecated. Pass the `connection` explicitly instead.
  warnings.warn(
/home/ecosoft/frappe-bench/env/lib/python3.10/site-packages/rq/connections.py:58: DeprecationWarning: The `push_connection` function is deprecated. Pass the `connection` explicitly instead.
  warnings.warn(
/home/ecosoft/frappe-bench/env/lib/python3.10/site-packages/rq/connections.py:72: DeprecationWarning: The `pop_connection` function is deprecated. Pass the `connection` explicitly instead.
  warnings.warn(
/home/ecosoft/frappe-bench/env/lib/python3.10/site-packages/rq/connections.py:58: DeprecationWarning: The `push_connection` function is deprecated. Pass the `connection` explicitly instead.
  warnings.warn(
/home/ecosoft/frappe-bench/env/lib/python3.10/site-packages/pypdf/_crypt_providers/_cryptography.py:32: CryptographyDeprecationWarning: ARC4 has been moved to cryptography.hazmat.decrepit.ciphers.algorithms.ARC4 and will be removed from this module in 48.0.0.
  from cryptography.hazmat.primitives.ciphers.algorithms import AES, ARC4
/home/ecosoft/frappe-bench/env/lib/python3.10/site-packages/rq/connections.py:72: DeprecationWarning: The `pop_connection` function is deprecated. Pass the `connection` explicitly instead.
  warnings.warn(
/home/ecosoft/frappe-bench/env/lib/python3.10/site-packages/rq/connections.py:58: DeprecationWarning: The `push_connection` function is deprecated. Pass the `connection` explicitly instead.
  warnings.warn(
/home/ecosoft/frappe-bench/env/lib/python3.10/site-packages/rq/connections.py:72: DeprecationWarning: The `pop_connection` function is deprecated. Pass the `connection` explicitly instead.
  warnings.warn(
/home/ecosoft/frappe-bench/env/lib/python3.10/site-packages/rq/connections.py:58: DeprecationWarning: The `push_connection` function is deprecated. Pass the `connection` explicitly instead.
  warnings.warn(
/home/ecosoft/frappe-bench/env/lib/python3.10/site-packages/rq/connections.py:72: DeprecationWarning: The `pop_connection` function is deprecated. Pass the `connection` explicitly instead.
  warnings.warn(
/home/ecosoft/frappe-bench/env/lib/python3.10/site-packages/rq/connections.py:58: DeprecationWarning: The `push_connection` function is deprecated. Pass the `connection` explicitly instead.
  warnings.warn(
/home/ecosoft/frappe-bench/env/lib/python3.10/site-packages/rq/connections.py:72: DeprecationWarning: The `pop_connection` function is deprecated. Pass the `connection` explicitly instead.
  warnings.warn(
/home/ecosoft/frappe-bench/env/lib/python3.10/site-packages/rq/connections.py:58: DeprecationWarning: The `push_connection` function is deprecated. Pass the `connection` explicitly instead.
  warnings.warn(
/home/ecosoft/frappe-bench/env/lib/python3.10/site-packages/rq/connections.py:72: DeprecationWarning: The `pop_connection` function is deprecated. Pass the `connection` explicitly instead.
  warnings.warn(
/home/ecosoft/frappe-bench/env/lib/python3.10/site-packages/rq/connections.py:58: DeprecationWarning: The `push_connection` function is deprecated. Pass the `connection` explicitly instead.
  warnings.warn(
/home/ecosoft/frappe-bench/env/lib/python3.10/site-packages/rq/connections.py:72: DeprecationWarning: The `pop_connection` function is deprecated. Pass the `connection` explicitly instead.
  warnings.warn(
/home/ecosoft/frappe-bench/env/lib/python3.10/site-packages/rq/connections.py:58: DeprecationWarning: The `push_connection` function is deprecated. Pass the `connection` explicitly instead.
  warnings.warn(
/home/ecosoft/frappe-bench/env/lib/python3.10/site-packages/rq/connections.py:72: DeprecationWarning: The `pop_connection` function is deprecated. Pass the `connection` explicitly instead.
  warnings.warn(
/home/ecosoft/frappe-bench/env/lib/python3.10/site-packages/rq/connections.py:58: DeprecationWarning: The `push_connection` function is deprecated. Pass the `connection` explicitly instead.
  warnings.warn(
/home/ecosoft/frappe-bench/env/lib/python3.10/site-packages/rq/connections.py:72: DeprecationWarning: The `pop_connection` function is deprecated. Pass the `connection` explicitly instead.
  warnings.warn(
/home/ecosoft/frappe-bench/env/lib/python3.10/site-packages/rq/connections.py:58: DeprecationWarning: The `push_connection` function is deprecated. Pass the `connection` explicitly instead.
  warnings.warn(
/home/ecosoft/frappe-bench/env/lib/python3.10/site-packages/rq/connections.py:72: DeprecationWarning: The `pop_connection` function is deprecated. Pass the `connection` explicitly instead.
  warnings.warn(
/home/ecosoft/frappe-bench/env/lib/python3.10/site-packages/rq/connections.py:58: DeprecationWarning: The `push_connection` function is deprecated. Pass the `connection` explicitly instead.
  warnings.warn(
/home/ecosoft/frappe-bench/env/lib/python3.10/site-packages/rq/connections.py:72: DeprecationWarning: The `pop_connection` function is deprecated. Pass the `connection` explicitly instead.
  warnings.warn(
/home/ecosoft/frappe-bench/env/lib/python3.10/site-packages/rq/connections.py:58: DeprecationWarning: The `push_connection` function is deprecated. Pass the `connection` explicitly instead.
  warnings.warn(
/home/ecosoft/frappe-bench/env/lib/python3.10/site-packages/rq/connections.py:72: DeprecationWarning: The `pop_connection` function is deprecated. Pass the `connection` explicitly instead.
  warnings.warn(
/home/ecosoft/frappe-bench/env/lib/python3.10/site-packages/rq/connections.py:58: DeprecationWarning: The `push_connection` function is deprecated. Pass the `connection` explicitly instead.
  warnings.warn(
/home/ecosoft/frappe-bench/env/lib/python3.10/site-packages/rq/connections.py:72: DeprecationWarning: The `pop_connection` function is deprecated. Pass the `connection` explicitly instead.
  warnings.warn(
/home/ecosoft/frappe-bench/env/lib/python3.10/site-packages/rq/connections.py:58: DeprecationWarning: The `push_connection` function is deprecated. Pass the `connection` explicitly instead.
  warnings.warn(
/home/ecosoft/frappe-bench/env/lib/python3.10/site-packages/rq/connections.py:72: DeprecationWarning: The `pop_connection` function is deprecated. Pass the `connection` explicitly instead.
  warnings.warn(
/home/ecosoft/frappe-bench/env/lib/python3.10/site-packages/rq/connections.py:58: DeprecationWarning: The `push_connection` function is deprecated. Pass the `connection` explicitly instead.
  warnings.warn(
/home/ecosoft/frappe-bench/env/lib/python3.10/site-packages/rq/connections.py:72: DeprecationWarning: The `pop_connection` function is deprecated. Pass the `connection` explicitly instead.
  warnings.warn(
/home/ecosoft/frappe-bench/env/lib/python3.10/site-packages/rq/connections.py:58: DeprecationWarning: The `push_connection` function is deprecated. Pass the `connection` explicitly instead.
  warnings.warn(
/home/ecosoft/frappe-bench/env/lib/python3.10/site-packages/rq/connections.py:72: DeprecationWarning: The `pop_connection` function is deprecated. Pass the `connection` explicitly instead.
  warnings.warn(
/home/ecosoft/frappe-bench/env/lib/python3.10/site-packages/rq/connections.py:58: DeprecationWarning: The `push_connection` function is deprecated. Pass the `connection` explicitly instead.
  warnings.warn(
/home/ecosoft/frappe-bench/env/lib/python3.10/site-packages/rq/connections.py:72: DeprecationWarning: The `pop_connection` function is deprecated. Pass the `connection` explicitly instead.
  warnings.warn(
/home/ecosoft/frappe-bench/env/lib/python3.10/site-packages/rq/connections.py:58: DeprecationWarning: The `push_connection` function is deprecated. Pass the `connection` explicitly instead.
  warnings.warn(
/home/ecosoft/frappe-bench/env/lib/python3.10/site-packages/rq/connections.py:72: DeprecationWarning: The `pop_connection` function is deprecated. Pass the `connection` explicitly instead.
  warnings.warn(
/home/ecosoft/frappe-bench/env/lib/python3.10/site-packages/rq/connections.py:58: DeprecationWarning: The `push_connection` function is deprecated. Pass the `connection` explicitly instead.
  warnings.warn(
/home/ecosoft/frappe-bench/env/lib/python3.10/site-packages/rq/connections.py:72: DeprecationWarning: The `pop_connection` function is deprecated. Pass the `connection` explicitly instead.
  warnings.warn(
/home/ecosoft/frappe-bench/env/lib/python3.10/site-packages/rq/connections.py:58: DeprecationWarning: The `push_connection` function is deprecated. Pass the `connection` explicitly instead.
  warnings.warn(
/home/ecosoft/frappe-bench/env/lib/python3.10/site-packages/rq/connections.py:72: DeprecationWarning: The `pop_connection` function is deprecated. Pass the `connection` explicitly instead.
  warnings.warn(
Exception in thread Thread-1:
Traceback (most recent call last):
  File "/usr/lib/python3.10/threading.py", line 1016, in _bootstrap_inner
    self.run()
  File "/home/ecosoft/frappe-bench/env/lib/python3.10/site-packages/redis/client.py", line 1167, in run
    pubsub.get_message(ignore_subscribe_messages=True, timeout=sleep_time)
  File "/home/ecosoft/frappe-bench/env/lib/python3.10/site-packages/redis/client.py", line 1029, in get_message
    response = self.parse_response(block=(timeout is None), timeout=timeout)
  File "/home/ecosoft/frappe-bench/env/lib/python3.10/site-packages/redis/client.py", line 840, in parse_response
    response = self._execute(conn, try_read)
  File "/home/ecosoft/frappe-bench/env/lib/python3.10/site-packages/redis/client.py", line 816, in _execute
    return conn.retry.call_with_retry(
  File "/home/ecosoft/frappe-bench/env/lib/python3.10/site-packages/redis/retry.py", line 65, in call_with_retry
    fail(error)
  File "/home/ecosoft/frappe-bench/env/lib/python3.10/site-packages/redis/client.py", line 818, in <lambda>
    lambda error: self._disconnect_raise_connect(conn, error),
  File "/home/ecosoft/frappe-bench/env/lib/python3.10/site-packages/redis/client.py", line 805, in _disconnect_raise_connect
    raise error
  File "/home/ecosoft/frappe-bench/env/lib/python3.10/site-packages/redis/retry.py", line 62, in call_with_retry
    return do()
  File "/home/ecosoft/frappe-bench/env/lib/python3.10/site-packages/redis/client.py", line 817, in <lambda>
    lambda: command(*args, **kwargs),
  File "/home/ecosoft/frappe-bench/env/lib/python3.10/site-packages/redis/client.py", line 834, in try_read
    if not conn.can_read(timeout=timeout):
  File "/home/ecosoft/frappe-bench/env/lib/python3.10/site-packages/redis/connection.py", line 490, in can_read
    return self._parser.can_read(timeout)
  File "/home/ecosoft/frappe-bench/env/lib/python3.10/site-packages/redis/_parsers/hiredis.py", line 81, in can_read
    return self.read_from_socket(timeout=timeout, raise_on_timeout=False)
  File "/home/ecosoft/frappe-bench/env/lib/python3.10/site-packages/redis/_parsers/hiredis.py", line 92, in read_from_socket
    raise ConnectionError(SERVER_CLOSED_CONNECTION_ERROR)
redis.exceptions.ConnectionError: Connection closed by server.
Traceback (most recent call last):
  File "/home/ecosoft/frappe-bench/env/lib/python3.10/site-packages/redis/connection.py", line 277, in connect
    sock = self.retry.call_with_retry(
  File "/home/ecosoft/frappe-bench/env/lib/python3.10/site-packages/redis/retry.py", line 62, in call_with_retry
    return do()
  File "/home/ecosoft/frappe-bench/env/lib/python3.10/site-packages/redis/connection.py", line 278, in <lambda>
    lambda: self._connect(), lambda error: self.disconnect(error)
  File "/home/ecosoft/frappe-bench/env/lib/python3.10/site-packages/redis/connection.py", line 639, in _connect
    raise err
  File "/home/ecosoft/frappe-bench/env/lib/python3.10/site-packages/redis/connection.py", line 627, in _connect
    sock.connect(socket_address)
ConnectionRefusedError: [Errno 111] Connection refused

During handling of the above exception, another exception occurred:

Traceback (most recent call last):
  File "/usr/lib/python3.10/runpy.py", line 196, in _run_module_as_main
    return _run_code(code, main_globals, None,
  File "/usr/lib/python3.10/runpy.py", line 86, in _run_code
    exec(code, run_globals)
  File "/home/ecosoft/frappe-bench/apps/frappe/frappe/utils/bench_helper.py", line 128, in <module>
    main()
  File "/home/ecosoft/frappe-bench/apps/frappe/frappe/utils/bench_helper.py", line 34, in main
    FrappeCommandGroup(commands=commands)(prog_name="bench")
  File "/home/ecosoft/frappe-bench/env/lib/python3.10/site-packages/click/core.py", line 1157, in __call__
    return self.main(*args, **kwargs)
  File "/home/ecosoft/frappe-bench/env/lib/python3.10/site-packages/click/core.py", line 1078, in main
    rv = self.invoke(ctx)
  File "/home/ecosoft/frappe-bench/env/lib/python3.10/site-packages/click/core.py", line 1688, in invoke
    return _process_result(sub_ctx.command.invoke(sub_ctx))
  File "/home/ecosoft/frappe-bench/env/lib/python3.10/site-packages/click/core.py", line 1688, in invoke
    return _process_result(sub_ctx.command.invoke(sub_ctx))
  File "/home/ecosoft/frappe-bench/env/lib/python3.10/site-packages/click/core.py", line 1434, in invoke
    return ctx.invoke(self.callback, **ctx.params)
  File "/home/ecosoft/frappe-bench/env/lib/python3.10/site-packages/click/core.py", line 783, in invoke
    return __callback(*args, **kwargs)
  File "/home/ecosoft/frappe-bench/apps/frappe/frappe/commands/scheduler.py", line 205, in start_worker
    start_worker(
  File "/home/ecosoft/frappe-bench/apps/frappe/frappe/utils/background_jobs.py", line 314, in start_worker
    worker.work(
  File "/home/ecosoft/frappe-bench/env/lib/python3.10/site-packages/rq/worker.py", line 458, in work
    self.teardown()
  File "/home/ecosoft/frappe-bench/env/lib/python3.10/site-packages/rq/worker.py", line 1049, in teardown
    self.unsubscribe()
  File "/home/ecosoft/frappe-bench/env/lib/python3.10/site-packages/rq/worker.py", line 626, in unsubscribe
    self.pubsub.unsubscribe()
  File "/home/ecosoft/frappe-bench/env/lib/python3.10/site-packages/redis/client.py", line 957, in unsubscribe
    return self.execute_command("UNSUBSCRIBE", *args)
  File "/home/ecosoft/frappe-bench/env/lib/python3.10/site-packages/redis/client.py", line 773, in execute_command
    self._execute(connection, connection.send_command, *args, **kwargs)
  File "/home/ecosoft/frappe-bench/env/lib/python3.10/site-packages/redis/client.py", line 816, in _execute
    return conn.retry.call_with_retry(
  File "/home/ecosoft/frappe-bench/env/lib/python3.10/site-packages/redis/retry.py", line 65, in call_with_retry
    fail(error)
  File "/home/ecosoft/frappe-bench/env/lib/python3.10/site-packages/redis/client.py", line 818, in <lambda>
    lambda error: self._disconnect_raise_connect(conn, error),
  File "/home/ecosoft/frappe-bench/env/lib/python3.10/site-packages/redis/client.py", line 805, in _disconnect_raise_connect
    raise error
  File "/home/ecosoft/frappe-bench/env/lib/python3.10/site-packages/redis/retry.py", line 62, in call_with_retry
    return do()
  File "/home/ecosoft/frappe-bench/env/lib/python3.10/site-packages/redis/client.py", line 817, in <lambda>
    lambda: command(*args, **kwargs),
  File "/home/ecosoft/frappe-bench/env/lib/python3.10/site-packages/redis/connection.py", line 476, in send_command
    self.send_packed_command(
  File "/home/ecosoft/frappe-bench/env/lib/python3.10/site-packages/redis/connection.py", line 446, in send_packed_command
    self.connect()
  File "/home/ecosoft/frappe-bench/env/lib/python3.10/site-packages/redis/connection.py", line 283, in connect
    raise ConnectionError(self._error_message(e))
redis.exceptions.ConnectionError: Error 111 connecting to 127.0.0.1:11000. Connection refused.
Exception in thread Thread-1:
Traceback (most recent call last):
  File "/usr/lib/python3.10/threading.py", line 1016, in _bootstrap_inner
    self.run()
  File "/home/ecosoft/frappe-bench/env/lib/python3.10/site-packages/redis/client.py", line 1167, in run
    pubsub.get_message(ignore_subscribe_messages=True, timeout=sleep_time)
  File "/home/ecosoft/frappe-bench/env/lib/python3.10/site-packages/redis/client.py", line 1029, in get_message
    response = self.parse_response(block=(timeout is None), timeout=timeout)
  File "/home/ecosoft/frappe-bench/env/lib/python3.10/site-packages/redis/client.py", line 840, in parse_response
    response = self._execute(conn, try_read)
  File "/home/ecosoft/frappe-bench/env/lib/python3.10/site-packages/redis/client.py", line 816, in _execute
    return conn.retry.call_with_retry(
  File "/home/ecosoft/frappe-bench/env/lib/python3.10/site-packages/redis/retry.py", line 65, in call_with_retry
    fail(error)
  File "/home/ecosoft/frappe-bench/env/lib/python3.10/site-packages/redis/client.py", line 818, in <lambda>
    lambda error: self._disconnect_raise_connect(conn, error),
  File "/home/ecosoft/frappe-bench/env/lib/python3.10/site-packages/redis/client.py", line 805, in _disconnect_raise_connect
    raise error
  File "/home/ecosoft/frappe-bench/env/lib/python3.10/site-packages/redis/retry.py", line 62, in call_with_retry
    return do()
  File "/home/ecosoft/frappe-bench/env/lib/python3.10/site-packages/redis/client.py", line 817, in <lambda>
    lambda: command(*args, **kwargs),
  File "/home/ecosoft/frappe-bench/env/lib/python3.10/site-packages/redis/client.py", line 834, in try_read
    if not conn.can_read(timeout=timeout):
  File "/home/ecosoft/frappe-bench/env/lib/python3.10/site-packages/redis/connection.py", line 490, in can_read
    return self._parser.can_read(timeout)
  File "/home/ecosoft/frappe-bench/env/lib/python3.10/site-packages/redis/_parsers/hiredis.py", line 81, in can_read
    return self.read_from_socket(timeout=timeout, raise_on_timeout=False)
  File "/home/ecosoft/frappe-bench/env/lib/python3.10/site-packages/redis/_parsers/hiredis.py", line 92, in read_from_socket
    raise ConnectionError(SERVER_CLOSED_CONNECTION_ERROR)
redis.exceptions.ConnectionError: Connection closed by server.
Traceback (most recent call last):
  File "/home/ecosoft/frappe-bench/env/lib/python3.10/site-packages/redis/connection.py", line 277, in connect
    sock = self.retry.call_with_retry(
  File "/home/ecosoft/frappe-bench/env/lib/python3.10/site-packages/redis/retry.py", line 62, in call_with_retry
    return do()
  File "/home/ecosoft/frappe-bench/env/lib/python3.10/site-packages/redis/connection.py", line 278, in <lambda>
    lambda: self._connect(), lambda error: self.disconnect(error)
  File "/home/ecosoft/frappe-bench/env/lib/python3.10/site-packages/redis/connection.py", line 639, in _connect
    raise err
  File "/home/ecosoft/frappe-bench/env/lib/python3.10/site-packages/redis/connection.py", line 627, in _connect
    sock.connect(socket_address)
ConnectionRefusedError: [Errno 111] Connection refused

During handling of the above exception, another exception occurred:

Traceback (most recent call last):
  File "/usr/lib/python3.10/runpy.py", line 196, in _run_module_as_main
    return _run_code(code, main_globals, None,
  File "/usr/lib/python3.10/runpy.py", line 86, in _run_code
    exec(code, run_globals)
  File "/home/ecosoft/frappe-bench/apps/frappe/frappe/utils/bench_helper.py", line 128, in <module>
    main()
  File "/home/ecosoft/frappe-bench/apps/frappe/frappe/utils/bench_helper.py", line 34, in main
    FrappeCommandGroup(commands=commands)(prog_name="bench")
  File "/home/ecosoft/frappe-bench/env/lib/python3.10/site-packages/click/core.py", line 1157, in __call__
    return self.main(*args, **kwargs)
  File "/home/ecosoft/frappe-bench/env/lib/python3.10/site-packages/click/core.py", line 1078, in main
    rv = self.invoke(ctx)
  File "/home/ecosoft/frappe-bench/env/lib/python3.10/site-packages/click/core.py", line 1688, in invoke
    return _process_result(sub_ctx.command.invoke(sub_ctx))
  File "/home/ecosoft/frappe-bench/env/lib/python3.10/site-packages/click/core.py", line 1688, in invoke
    return _process_result(sub_ctx.command.invoke(sub_ctx))
  File "/home/ecosoft/frappe-bench/env/lib/python3.10/site-packages/click/core.py", line 1434, in invoke
    return ctx.invoke(self.callback, **ctx.params)
  File "/home/ecosoft/frappe-bench/env/lib/python3.10/site-packages/click/core.py", line 783, in invoke
    return __callback(*args, **kwargs)
  File "/home/ecosoft/frappe-bench/apps/frappe/frappe/commands/scheduler.py", line 205, in start_worker
    start_worker(
  File "/home/ecosoft/frappe-bench/apps/frappe/frappe/utils/background_jobs.py", line 314, in start_worker
    worker.work(
  File "/home/ecosoft/frappe-bench/env/lib/python3.10/site-packages/rq/worker.py", line 458, in work
    self.teardown()
  File "/home/ecosoft/frappe-bench/env/lib/python3.10/site-packages/rq/worker.py", line 1049, in teardown
    self.unsubscribe()
  File "/home/ecosoft/frappe-bench/env/lib/python3.10/site-packages/rq/worker.py", line 626, in unsubscribe
    self.pubsub.unsubscribe()
  File "/home/ecosoft/frappe-bench/env/lib/python3.10/site-packages/redis/client.py", line 957, in unsubscribe
    return self.execute_command("UNSUBSCRIBE", *args)
  File "/home/ecosoft/frappe-bench/env/lib/python3.10/site-packages/redis/client.py", line 773, in execute_command
    self._execute(connection, connection.send_command, *args, **kwargs)
  File "/home/ecosoft/frappe-bench/env/lib/python3.10/site-packages/redis/client.py", line 816, in _execute
    return conn.retry.call_with_retry(
  File "/home/ecosoft/frappe-bench/env/lib/python3.10/site-packages/redis/retry.py", line 65, in call_with_retry
    fail(error)
  File "/home/ecosoft/frappe-bench/env/lib/python3.10/site-packages/redis/client.py", line 818, in <lambda>
    lambda error: self._disconnect_raise_connect(conn, error),
  File "/home/ecosoft/frappe-bench/env/lib/python3.10/site-packages/redis/client.py", line 805, in _disconnect_raise_connect
    raise error
  File "/home/ecosoft/frappe-bench/env/lib/python3.10/site-packages/redis/retry.py", line 62, in call_with_retry
    return do()
  File "/home/ecosoft/frappe-bench/env/lib/python3.10/site-packages/redis/client.py", line 817, in <lambda>
    lambda: command(*args, **kwargs),
  File "/home/ecosoft/frappe-bench/env/lib/python3.10/site-packages/redis/connection.py", line 476, in send_command
    self.send_packed_command(
  File "/home/ecosoft/frappe-bench/env/lib/python3.10/site-packages/redis/connection.py", line 446, in send_packed_command
    self.connect()
  File "/home/ecosoft/frappe-bench/env/lib/python3.10/site-packages/redis/connection.py", line 283, in connect
    raise ConnectionError(self._error_message(e))
redis.exceptions.ConnectionError: Error 111 connecting to 127.0.0.1:11000. Connection refused.
/home/ecosoft/frappe-bench/env/lib/python3.10/site-packages/rq/connections.py:58: DeprecationWarning: The `push_connection` function is deprecated. Pass the `connection` explicitly instead.
  warnings.warn(
/home/ecosoft/frappe-bench/env/lib/python3.10/site-packages/rq/connections.py:72: DeprecationWarning: The `pop_connection` function is deprecated. Pass the `connection` explicitly instead.
  warnings.warn(
/home/ecosoft/frappe-bench/env/lib/python3.10/site-packages/rq/connections.py:58: DeprecationWarning: The `push_connection` function is deprecated. Pass the `connection` explicitly instead.
  warnings.warn(
/home/ecosoft/frappe-bench/env/lib/python3.10/site-packages/rq/connections.py:72: DeprecationWarning: The `pop_connection` function is deprecated. Pass the `connection` explicitly instead.
  warnings.warn(
/home/ecosoft/frappe-bench/env/lib/python3.10/site-packages/rq/connections.py:58: DeprecationWarning: The `push_connection` function is deprecated. Pass the `connection` explicitly instead.
  warnings.warn(
/home/ecosoft/frappe-bench/env/lib/python3.10/site-packages/rq/connections.py:72: DeprecationWarning: The `pop_connection` function is deprecated. Pass the `connection` explicitly instead.
  warnings.warn(
/home/ecosoft/frappe-bench/env/lib/python3.10/site-packages/rq/connections.py:58: DeprecationWarning: The `push_connection` function is deprecated. Pass the `connection` explicitly instead.
  warnings.warn(
/home/ecosoft/frappe-bench/env/lib/python3.10/site-packages/rq/connections.py:72: DeprecationWarning: The `pop_connection` function is deprecated. Pass the `connection` explicitly instead.
  warnings.warn(
/home/ecosoft/frappe-bench/env/lib/python3.10/site-packages/rq/connections.py:58: DeprecationWarning: The `push_connection` function is deprecated. Pass the `connection` explicitly instead.
  warnings.warn(
/home/ecosoft/frappe-bench/env/lib/python3.10/site-packages/rq/connections.py:72: DeprecationWarning: The `pop_connection` function is deprecated. Pass the `connection` explicitly instead.
  warnings.warn(
/home/ecosoft/frappe-bench/env/lib/python3.10/site-packages/rq/connections.py:58: DeprecationWarning: The `push_connection` function is deprecated. Pass the `connection` explicitly instead.
  warnings.warn(
/home/ecosoft/frappe-bench/env/lib/python3.10/site-packages/rq/connections.py:72: DeprecationWarning: The `pop_connection` function is deprecated. Pass the `connection` explicitly instead.
  warnings.warn(
/home/ecosoft/frappe-bench/env/lib/python3.10/site-packages/rq/connections.py:58: DeprecationWarning: The `push_connection` function is deprecated. Pass the `connection` explicitly instead.
  warnings.warn(
/home/ecosoft/frappe-bench/env/lib/python3.10/site-packages/rq/connections.py:72: DeprecationWarning: The `pop_connection` function is deprecated. Pass the `connection` explicitly instead.
  warnings.warn(
/home/ecosoft/frappe-bench/env/lib/python3.10/site-packages/rq/connections.py:58: DeprecationWarning: The `push_connection` function is deprecated. Pass the `connection` explicitly instead.
  warnings.warn(
/home/ecosoft/frappe-bench/env/lib/python3.10/site-packages/rq/connections.py:72: DeprecationWarning: The `pop_connection` function is deprecated. Pass the `connection` explicitly instead.
  warnings.warn(
/home/ecosoft/frappe-bench/env/lib/python3.10/site-packages/rq/connections.py:58: DeprecationWarning: The `push_connection` function is deprecated. Pass the `connection` explicitly instead.
  warnings.warn(
/home/ecosoft/frappe-bench/env/lib/python3.10/site-packages/rq/connections.py:72: DeprecationWarning: The `pop_connection` function is deprecated. Pass the `connection` explicitly instead.
  warnings.warn(
/home/ecosoft/frappe-bench/env/lib/python3.10/site-packages/rq/connections.py:58: DeprecationWarning: The `push_connection` function is deprecated. Pass the `connection` explicitly instead.
  warnings.warn(
/home/ecosoft/frappe-bench/env/lib/python3.10/site-packages/rq/connections.py:72: DeprecationWarning: The `pop_connection` function is deprecated. Pass the `connection` explicitly instead.
  warnings.warn(
/home/ecosoft/frappe-bench/env/lib/python3.10/site-packages/rq/connections.py:58: DeprecationWarning: The `push_connection` function is deprecated. Pass the `connection` explicitly instead.
  warnings.warn(
/home/ecosoft/frappe-bench/env/lib/python3.10/site-packages/pypdf/_crypt_providers/_cryptography.py:32: CryptographyDeprecationWarning: ARC4 has been moved to cryptography.hazmat.decrepit.ciphers.algorithms.ARC4 and will be removed from this module in 48.0.0.
  from cryptography.hazmat.primitives.ciphers.algorithms import AES, ARC4
/home/ecosoft/frappe-bench/env/lib/python3.10/site-packages/rq/connections.py:72: DeprecationWarning: The `pop_connection` function is deprecated. Pass the `connection` explicitly instead.
  warnings.warn(
/home/ecosoft/frappe-bench/env/lib/python3.10/site-packages/rq/connections.py:58: DeprecationWarning: The `push_connection` function is deprecated. Pass the `connection` explicitly instead.
  warnings.warn(
/home/ecosoft/frappe-bench/env/lib/python3.10/site-packages/rq/connections.py:72: DeprecationWarning: The `pop_connection` function is deprecated. Pass the `connection` explicitly instead.
  warnings.warn(
/home/ecosoft/frappe-bench/env/lib/python3.10/site-packages/rq/connections.py:58: DeprecationWarning: The `push_connection` function is deprecated. Pass the `connection` explicitly instead.
  warnings.warn(
/home/ecosoft/frappe-bench/env/lib/python3.10/site-packages/rq/connections.py:72: DeprecationWarning: The `pop_connection` function is deprecated. Pass the `connection` explicitly instead.
  warnings.warn(
/home/ecosoft/frappe-bench/env/lib/python3.10/site-packages/rq/connections.py:58: DeprecationWarning: The `push_connection` function is deprecated. Pass the `connection` explicitly instead.
  warnings.warn(
/home/ecosoft/frappe-bench/env/lib/python3.10/site-packages/rq/connections.py:72: DeprecationWarning: The `pop_connection` function is deprecated. Pass the `connection` explicitly instead.
  warnings.warn(
/home/ecosoft/frappe-bench/env/lib/python3.10/site-packages/rq/connections.py:58: DeprecationWarning: The `push_connection` function is deprecated. Pass the `connection` explicitly instead.
  warnings.warn(
/home/ecosoft/frappe-bench/env/lib/python3.10/site-packages/rq/connections.py:72: DeprecationWarning: The `pop_connection` function is deprecated. Pass the `connection` explicitly instead.
  warnings.warn(
/home/ecosoft/frappe-bench/env/lib/python3.10/site-packages/rq/connections.py:58: DeprecationWarning: The `push_connection` function is deprecated. Pass the `connection` explicitly instead.
  warnings.warn(
/home/ecosoft/frappe-bench/env/lib/python3.10/site-packages/rq/connections.py:72: DeprecationWarning: The `pop_connection` function is deprecated. Pass the `connection` explicitly instead.
  warnings.warn(
/home/ecosoft/frappe-bench/env/lib/python3.10/site-packages/rq/connections.py:58: DeprecationWarning: The `push_connection` function is deprecated. Pass the `connection` explicitly instead.
  warnings.warn(
/home/ecosoft/frappe-bench/env/lib/python3.10/site-packages/rq/connections.py:72: DeprecationWarning: The `pop_connection` function is deprecated. Pass the `connection` explicitly instead.
  warnings.warn(
/home/ecosoft/frappe-bench/env/lib/python3.10/site-packages/rq/connections.py:58: DeprecationWarning: The `push_connection` function is deprecated. Pass the `connection` explicitly instead.
  warnings.warn(
/home/ecosoft/frappe-bench/env/lib/python3.10/site-packages/rq/connections.py:72: DeprecationWarning: The `pop_connection` function is deprecated. Pass the `connection` explicitly instead.
  warnings.warn(
/home/ecosoft/frappe-bench/env/lib/python3.10/site-packages/rq/connections.py:58: DeprecationWarning: The `push_connection` function is deprecated. Pass the `connection` explicitly instead.
  warnings.warn(
/home/ecosoft/frappe-bench/env/lib/python3.10/site-packages/rq/connections.py:72: DeprecationWarning: The `pop_connection` function is deprecated. Pass the `connection` explicitly instead.
  warnings.warn(
/home/ecosoft/frappe-bench/env/lib/python3.10/site-packages/rq/connections.py:58: DeprecationWarning: The `push_connection` function is deprecated. Pass the `connection` explicitly instead.
  warnings.warn(
/home/ecosoft/frappe-bench/env/lib/python3.10/site-packages/rq/connections.py:72: DeprecationWarning: The `pop_connection` function is deprecated. Pass the `connection` explicitly instead.
  warnings.warn(
/home/ecosoft/frappe-bench/env/lib/python3.10/site-packages/rq/connections.py:58: DeprecationWarning: The `push_connection` function is deprecated. Pass the `connection` explicitly instead.
  warnings.warn(
/home/ecosoft/frappe-bench/env/lib/python3.10/site-packages/rq/connections.py:72: DeprecationWarning: The `pop_connection` function is deprecated. Pass the `connection` explicitly instead.
  warnings.warn(
/home/ecosoft/frappe-bench/env/lib/python3.10/site-packages/rq/connections.py:58: DeprecationWarning: The `push_connection` function is deprecated. Pass the `connection` explicitly instead.
  warnings.warn(
/home/ecosoft/frappe-bench/env/lib/python3.10/site-packages/rq/connections.py:72: DeprecationWarning: The `pop_connection` function is deprecated. Pass the `connection` explicitly instead.
  warnings.warn(
/home/ecosoft/frappe-bench/env/lib/python3.10/site-packages/rq/connections.py:58: DeprecationWarning: The `push_connection` function is deprecated. Pass the `connection` explicitly instead.
  warnings.warn(
/home/ecosoft/frappe-bench/env/lib/python3.10/site-packages/rq/connections.py:72: DeprecationWarning: The `pop_connection` function is deprecated. Pass the `connection` explicitly instead.
  warnings.warn(
/home/ecosoft/frappe-bench/env/lib/python3.10/site-packages/rq/connections.py:58: DeprecationWarning: The `push_connection` function is deprecated. Pass the `connection` explicitly instead.
  warnings.warn(
/home/ecosoft/frappe-bench/env/lib/python3.10/site-packages/rq/connections.py:72: DeprecationWarning: The `pop_connection` function is deprecated. Pass the `connection` explicitly instead.
  warnings.warn(
/home/ecosoft/frappe-bench/env/lib/python3.10/site-packages/rq/connections.py:58: DeprecationWarning: The `push_connection` function is deprecated. Pass the `connection` explicitly instead.
  warnings.warn(
/home/ecosoft/frappe-bench/env/lib/python3.10/site-packages/rq/connections.py:72: DeprecationWarning: The `pop_connection` function is deprecated. Pass the `connection` explicitly instead.
  warnings.warn(
/home/ecosoft/frappe-bench/env/lib/python3.10/site-packages/rq/connections.py:58: DeprecationWarning: The `push_connection` function is deprecated. Pass the `connection` explicitly instead.
  warnings.warn(
/home/ecosoft/frappe-bench/env/lib/python3.10/site-packages/rq/connections.py:72: DeprecationWarning: The `pop_connection` function is deprecated. Pass the `connection` explicitly instead.
  warnings.warn(
/home/ecosoft/frappe-bench/env/lib/python3.10/site-packages/rq/connections.py:58: DeprecationWarning: The `push_connection` function is deprecated. Pass the `connection` explicitly instead.
  warnings.warn(
/home/ecosoft/frappe-bench/env/lib/python3.10/site-packages/rq/connections.py:72: DeprecationWarning: The `pop_connection` function is deprecated. Pass the `connection` explicitly instead.
  warnings.warn(
/home/ecosoft/frappe-bench/env/lib/python3.10/site-packages/rq/connections.py:58: DeprecationWarning: The `push_connection` function is deprecated. Pass the `connection` explicitly instead.
  warnings.warn(
/home/ecosoft/frappe-bench/env/lib/python3.10/site-packages/rq/connections.py:72: DeprecationWarning: The `pop_connection` function is deprecated. Pass the `connection` explicitly instead.
  warnings.warn(
/home/ecosoft/frappe-bench/env/lib/python3.10/site-packages/rq/connections.py:58: DeprecationWarning: The `push_connection` function is deprecated. Pass the `connection` explicitly instead.
  warnings.warn(
/home/ecosoft/frappe-bench/env/lib/python3.10/site-packages/rq/connections.py:72: DeprecationWarning: The `pop_connection` function is deprecated. Pass the `connection` explicitly instead.
  warnings.warn(
/home/ecosoft/frappe-bench/env/lib/python3.10/site-packages/rq/connections.py:58: DeprecationWarning: The `push_connection` function is deprecated. Pass the `connection` explicitly instead.
  warnings.warn(
/home/ecosoft/frappe-bench/env/lib/python3.10/site-packages/rq/connections.py:72: DeprecationWarning: The `pop_connection` function is deprecated. Pass the `connection` explicitly instead.
  warnings.warn(
/home/ecosoft/frappe-bench/env/lib/python3.10/site-packages/rq/connections.py:58: DeprecationWarning: The `push_connection` function is deprecated. Pass the `connection` explicitly instead.
  warnings.warn(
/home/ecosoft/frappe-bench/env/lib/python3.10/site-packages/rq/connections.py:72: DeprecationWarning: The `pop_connection` function is deprecated. Pass the `connection` explicitly instead.
  warnings.warn(
Exception in thread Thread-1:
Traceback (most recent call last):
  File "/usr/lib/python3.10/threading.py", line 1016, in _bootstrap_inner
    self.run()
  File "/home/ecosoft/frappe-bench/env/lib/python3.10/site-packages/redis/client.py", line 1167, in run
    pubsub.get_message(ignore_subscribe_messages=True, timeout=sleep_time)
Traceback (most recent call last):
  File "/home/ecosoft/frappe-bench/env/lib/python3.10/site-packages/redis/client.py", line 1029, in get_message
  File "/home/ecosoft/frappe-bench/env/lib/python3.10/site-packages/redis/connection.py", line 277, in connect
        response = self.parse_response(block=(timeout is None), timeout=timeout)sock = self.retry.call_with_retry(

  File "/home/ecosoft/frappe-bench/env/lib/python3.10/site-packages/redis/client.py", line 840, in parse_response
  File "/home/ecosoft/frappe-bench/env/lib/python3.10/site-packages/redis/retry.py", line 62, in call_with_retry
    response = self._execute(conn, try_read)    
return do()  File "/home/ecosoft/frappe-bench/env/lib/python3.10/site-packages/redis/client.py", line 816, in _execute

  File "/home/ecosoft/frappe-bench/env/lib/python3.10/site-packages/redis/connection.py", line 278, in <lambda>
        return conn.retry.call_with_retry(lambda: self._connect(), lambda error: self.disconnect(error)

  File "/home/ecosoft/frappe-bench/env/lib/python3.10/site-packages/redis/retry.py", line 65, in call_with_retry
  File "/home/ecosoft/frappe-bench/env/lib/python3.10/site-packages/redis/connection.py", line 639, in _connect
    fail(error)
  File "/home/ecosoft/frappe-bench/env/lib/python3.10/site-packages/redis/client.py", line 818, in <lambda>
    raise err
  File "/home/ecosoft/frappe-bench/env/lib/python3.10/site-packages/redis/connection.py", line 627, in _connect
    lambda error: self._disconnect_raise_connect(conn, error),
      File "/home/ecosoft/frappe-bench/env/lib/python3.10/site-packages/redis/client.py", line 805, in _disconnect_raise_connect
sock.connect(socket_address)    
raise errorConnectionRefusedError: 
[Errno 111] Connection refused  File "/home/ecosoft/frappe-bench/env/lib/python3.10/site-packages/redis/retry.py", line 62, in call_with_retry


During handling of the above exception, another exception occurred:

Traceback (most recent call last):
  File "/usr/lib/python3.10/runpy.py", line 196, in _run_module_as_main
        return _run_code(code, main_globals, None,return do()

  File "/usr/lib/python3.10/runpy.py", line 86, in _run_code
  File "/home/ecosoft/frappe-bench/env/lib/python3.10/site-packages/redis/client.py", line 817, in <lambda>
    exec(code, run_globals)
  File "/home/ecosoft/frappe-bench/apps/frappe/frappe/utils/bench_helper.py", line 128, in <module>
    lambda: command(*args, **kwargs),
  File "/home/ecosoft/frappe-bench/env/lib/python3.10/site-packages/redis/client.py", line 834, in try_read
    main()
  File "/home/ecosoft/frappe-bench/apps/frappe/frappe/utils/bench_helper.py", line 34, in main
        if not conn.can_read(timeout=timeout):FrappeCommandGroup(commands=commands)(prog_name="bench")

  File "/home/ecosoft/frappe-bench/env/lib/python3.10/site-packages/redis/connection.py", line 490, in can_read
  File "/home/ecosoft/frappe-bench/env/lib/python3.10/site-packages/click/core.py", line 1157, in __call__
    return self._parser.can_read(timeout)
  File "/home/ecosoft/frappe-bench/env/lib/python3.10/site-packages/redis/_parsers/hiredis.py", line 81, in can_read
    return self.read_from_socket(timeout=timeout, raise_on_timeout=False)
  File "/home/ecosoft/frappe-bench/env/lib/python3.10/site-packages/redis/_parsers/hiredis.py", line 92, in read_from_socket
    raise ConnectionError(SERVER_CLOSED_CONNECTION_ERROR)    
return self.main(*args, **kwargs)redis.exceptions.ConnectionError: 
Connection closed by server.  File "/home/ecosoft/frappe-bench/env/lib/python3.10/site-packages/click/core.py", line 1078, in main

    rv = self.invoke(ctx)
  File "/home/ecosoft/frappe-bench/env/lib/python3.10/site-packages/click/core.py", line 1688, in invoke
    return _process_result(sub_ctx.command.invoke(sub_ctx))
  File "/home/ecosoft/frappe-bench/env/lib/python3.10/site-packages/click/core.py", line 1688, in invoke
    return _process_result(sub_ctx.command.invoke(sub_ctx))
  File "/home/ecosoft/frappe-bench/env/lib/python3.10/site-packages/click/core.py", line 1434, in invoke
    return ctx.invoke(self.callback, **ctx.params)
  File "/home/ecosoft/frappe-bench/env/lib/python3.10/site-packages/click/core.py", line 783, in invoke
    return __callback(*args, **kwargs)
  File "/home/ecosoft/frappe-bench/apps/frappe/frappe/commands/scheduler.py", line 205, in start_worker
    start_worker(
  File "/home/ecosoft/frappe-bench/apps/frappe/frappe/utils/background_jobs.py", line 314, in start_worker
    worker.work(
  File "/home/ecosoft/frappe-bench/env/lib/python3.10/site-packages/rq/worker.py", line 458, in work
    self.teardown()
  File "/home/ecosoft/frappe-bench/env/lib/python3.10/site-packages/rq/worker.py", line 1048, in teardown
    self.register_death()
  File "/home/ecosoft/frappe-bench/env/lib/python3.10/site-packages/rq/worker.py", line 834, in register_death
    p.execute()
  File "/home/ecosoft/frappe-bench/env/lib/python3.10/site-packages/redis/client.py", line 1497, in execute
    conn = self.connection_pool.get_connection("MULTI", self.shard_hint)
  File "/home/ecosoft/frappe-bench/env/lib/python3.10/site-packages/redis/connection.py", line 1074, in get_connection
    connection.connect()
  File "/home/ecosoft/frappe-bench/env/lib/python3.10/site-packages/redis/connection.py", line 283, in connect
    raise ConnectionError(self._error_message(e))
redis.exceptions.ConnectionError: Error 111 connecting to 127.0.0.1:11000. Connection refused.
/home/ecosoft/frappe-bench/env/lib/python3.10/site-packages/rq/connections.py:58: DeprecationWarning: The `push_connection` function is deprecated. Pass the `connection` explicitly instead.
  warnings.warn(
/home/ecosoft/frappe-bench/env/lib/python3.10/site-packages/pypdf/_crypt_providers/_cryptography.py:32: CryptographyDeprecationWarning: ARC4 has been moved to cryptography.hazmat.decrepit.ciphers.algorithms.ARC4 and will be removed from this module in 48.0.0.
  from cryptography.hazmat.primitives.ciphers.algorithms import AES, ARC4
/home/ecosoft/frappe-bench/env/lib/python3.10/site-packages/rq/connections.py:72: DeprecationWarning: The `pop_connection` function is deprecated. Pass the `connection` explicitly instead.
  warnings.warn(
/home/ecosoft/frappe-bench/env/lib/python3.10/site-packages/rq/connections.py:58: DeprecationWarning: The `push_connection` function is deprecated. Pass the `connection` explicitly instead.
  warnings.warn(
/home/ecosoft/frappe-bench/env/lib/python3.10/site-packages/rq/connections.py:72: DeprecationWarning: The `pop_connection` function is deprecated. Pass the `connection` explicitly instead.
  warnings.warn(
/home/ecosoft/frappe-bench/env/lib/python3.10/site-packages/rq/connections.py:58: DeprecationWarning: The `push_connection` function is deprecated. Pass the `connection` explicitly instead.
  warnings.warn(
/home/ecosoft/frappe-bench/env/lib/python3.10/site-packages/rq/connections.py:72: DeprecationWarning: The `pop_connection` function is deprecated. Pass the `connection` explicitly instead.
  warnings.warn(
/home/ecosoft/frappe-bench/env/lib/python3.10/site-packages/rq/connections.py:58: DeprecationWarning: The `push_connection` function is deprecated. Pass the `connection` explicitly instead.
  warnings.warn(
/home/ecosoft/frappe-bench/env/lib/python3.10/site-packages/rq/connections.py:72: DeprecationWarning: The `pop_connection` function is deprecated. Pass the `connection` explicitly instead.
  warnings.warn(
/home/ecosoft/frappe-bench/env/lib/python3.10/site-packages/rq/connections.py:58: DeprecationWarning: The `push_connection` function is deprecated. Pass the `connection` explicitly instead.
  warnings.warn(
/home/ecosoft/frappe-bench/env/lib/python3.10/site-packages/rq/connections.py:72: DeprecationWarning: The `pop_connection` function is deprecated. Pass the `connection` explicitly instead.
  warnings.warn(
/home/ecosoft/frappe-bench/env/lib/python3.10/site-packages/rq/connections.py:58: DeprecationWarning: The `push_connection` function is deprecated. Pass the `connection` explicitly instead.
  warnings.warn(
/home/ecosoft/frappe-bench/env/lib/python3.10/site-packages/pypdf/_crypt_providers/_cryptography.py:32: CryptographyDeprecationWarning: ARC4 has been moved to cryptography.hazmat.decrepit.ciphers.algorithms.ARC4 and will be removed from this module in 48.0.0.
  from cryptography.hazmat.primitives.ciphers.algorithms import AES, ARC4
/home/ecosoft/frappe-bench/env/lib/python3.10/site-packages/rq/connections.py:72: DeprecationWarning: The `pop_connection` function is deprecated. Pass the `connection` explicitly instead.
  warnings.warn(
/home/ecosoft/frappe-bench/env/lib/python3.10/site-packages/rq/connections.py:58: DeprecationWarning: The `push_connection` function is deprecated. Pass the `connection` explicitly instead.
  warnings.warn(
/home/ecosoft/frappe-bench/env/lib/python3.10/site-packages/rq/connections.py:72: DeprecationWarning: The `pop_connection` function is deprecated. Pass the `connection` explicitly instead.
  warnings.warn(
/home/ecosoft/frappe-bench/env/lib/python3.10/site-packages/rq/connections.py:58: DeprecationWarning: The `push_connection` function is deprecated. Pass the `connection` explicitly instead.
  warnings.warn(
/home/ecosoft/frappe-bench/env/lib/python3.10/site-packages/rq/connections.py:72: DeprecationWarning: The `pop_connection` function is deprecated. Pass the `connection` explicitly instead.
  warnings.warn(
/home/ecosoft/frappe-bench/env/lib/python3.10/site-packages/rq/connections.py:58: DeprecationWarning: The `push_connection` function is deprecated. Pass the `connection` explicitly instead.
  warnings.warn(
/home/ecosoft/frappe-bench/env/lib/python3.10/site-packages/pypdf/_crypt_providers/_cryptography.py:32: CryptographyDeprecationWarning: ARC4 has been moved to cryptography.hazmat.decrepit.ciphers.algorithms.ARC4 and will be removed from this module in 48.0.0.
  from cryptography.hazmat.primitives.ciphers.algorithms import AES, ARC4
/home/ecosoft/frappe-bench/env/lib/python3.10/site-packages/rq/connections.py:72: DeprecationWarning: The `pop_connection` function is deprecated. Pass the `connection` explicitly instead.
  warnings.warn(
/home/ecosoft/frappe-bench/env/lib/python3.10/site-packages/rq/connections.py:58: DeprecationWarning: The `push_connection` function is deprecated. Pass the `connection` explicitly instead.
  warnings.warn(
/home/ecosoft/frappe-bench/env/lib/python3.10/site-packages/rq/connections.py:72: DeprecationWarning: The `pop_connection` function is deprecated. Pass the `connection` explicitly instead.
  warnings.warn(
/home/ecosoft/frappe-bench/env/lib/python3.10/site-packages/rq/connections.py:58: DeprecationWarning: The `push_connection` function is deprecated. Pass the `connection` explicitly instead.
  warnings.warn(
/home/ecosoft/frappe-bench/env/lib/python3.10/site-packages/rq/connections.py:72: DeprecationWarning: The `pop_connection` function is deprecated. Pass the `connection` explicitly instead.
  warnings.warn(
/home/ecosoft/frappe-bench/env/lib/python3.10/site-packages/rq/connections.py:58: DeprecationWarning: The `push_connection` function is deprecated. Pass the `connection` explicitly instead.
  warnings.warn(
/home/ecosoft/frappe-bench/env/lib/python3.10/site-packages/rq/connections.py:72: DeprecationWarning: The `pop_connection` function is deprecated. Pass the `connection` explicitly instead.
  warnings.warn(
/home/ecosoft/frappe-bench/env/lib/python3.10/site-packages/rq/connections.py:58: DeprecationWarning: The `push_connection` function is deprecated. Pass the `connection` explicitly instead.
  warnings.warn(
/home/ecosoft/frappe-bench/env/lib/python3.10/site-packages/rq/connections.py:72: DeprecationWarning: The `pop_connection` function is deprecated. Pass the `connection` explicitly instead.
  warnings.warn(
/home/ecosoft/frappe-bench/env/lib/python3.10/site-packages/rq/connections.py:58: DeprecationWarning: The `push_connection` function is deprecated. Pass the `connection` explicitly instead.
  warnings.warn(
/home/ecosoft/frappe-bench/env/lib/python3.10/site-packages/rq/connections.py:72: DeprecationWarning: The `pop_connection` function is deprecated. Pass the `connection` explicitly instead.
  warnings.warn(
/home/ecosoft/frappe-bench/env/lib/python3.10/site-packages/rq/connections.py:58: DeprecationWarning: The `push_connection` function is deprecated. Pass the `connection` explicitly instead.
  warnings.warn(
/home/ecosoft/frappe-bench/env/lib/python3.10/site-packages/rq/connections.py:72: DeprecationWarning: The `pop_connection` function is deprecated. Pass the `connection` explicitly instead.
  warnings.warn(
/home/ecosoft/frappe-bench/env/lib/python3.10/site-packages/rq/connections.py:58: DeprecationWarning: The `push_connection` function is deprecated. Pass the `connection` explicitly instead.
  warnings.warn(
/home/ecosoft/frappe-bench/env/lib/python3.10/site-packages/rq/connections.py:72: DeprecationWarning: The `pop_connection` function is deprecated. Pass the `connection` explicitly instead.
  warnings.warn(
/home/ecosoft/frappe-bench/env/lib/python3.10/site-packages/rq/connections.py:58: DeprecationWarning: The `push_connection` function is deprecated. Pass the `connection` explicitly instead.
  warnings.warn(
/home/ecosoft/frappe-bench/env/lib/python3.10/site-packages/rq/connections.py:72: DeprecationWarning: The `pop_connection` function is deprecated. Pass the `connection` explicitly instead.
  warnings.warn(
/home/ecosoft/frappe-bench/env/lib/python3.10/site-packages/rq/connections.py:58: DeprecationWarning: The `push_connection` function is deprecated. Pass the `connection` explicitly instead.
  warnings.warn(
/home/ecosoft/frappe-bench/env/lib/python3.10/site-packages/rq/connections.py:72: DeprecationWarning: The `pop_connection` function is deprecated. Pass the `connection` explicitly instead.
  warnings.warn(
/home/ecosoft/frappe-bench/env/lib/python3.10/site-packages/rq/connections.py:58: DeprecationWarning: The `push_connection` function is deprecated. Pass the `connection` explicitly instead.
  warnings.warn(
/home/ecosoft/frappe-bench/env/lib/python3.10/site-packages/rq/connections.py:72: DeprecationWarning: The `pop_connection` function is deprecated. Pass the `connection` explicitly instead.
  warnings.warn(
/home/ecosoft/frappe-bench/env/lib/python3.10/site-packages/rq/connections.py:58: DeprecationWarning: The `push_connection` function is deprecated. Pass the `connection` explicitly instead.
  warnings.warn(
/home/ecosoft/frappe-bench/env/lib/python3.10/site-packages/rq/connections.py:72: DeprecationWarning: The `pop_connection` function is deprecated. Pass the `connection` explicitly instead.
  warnings.warn(
/home/ecosoft/frappe-bench/env/lib/python3.10/site-packages/rq/connections.py:58: DeprecationWarning: The `push_connection` function is deprecated. Pass the `connection` explicitly instead.
  warnings.warn(
/home/ecosoft/frappe-bench/env/lib/python3.10/site-packages/rq/connections.py:72: DeprecationWarning: The `pop_connection` function is deprecated. Pass the `connection` explicitly instead.
  warnings.warn(
/home/ecosoft/frappe-bench/env/lib/python3.10/site-packages/rq/connections.py:58: DeprecationWarning: The `push_connection` function is deprecated. Pass the `connection` explicitly instead.
  warnings.warn(
/home/ecosoft/frappe-bench/env/lib/python3.10/site-packages/rq/connections.py:72: DeprecationWarning: The `pop_connection` function is deprecated. Pass the `connection` explicitly instead.
  warnings.warn(
/home/ecosoft/frappe-bench/env/lib/python3.10/site-packages/rq/connections.py:58: DeprecationWarning: The `push_connection` function is deprecated. Pass the `connection` explicitly instead.
  warnings.warn(
/home/ecosoft/frappe-bench/env/lib/python3.10/site-packages/rq/connections.py:72: DeprecationWarning: The `pop_connection` function is deprecated. Pass the `connection` explicitly instead.
  warnings.warn(
/home/ecosoft/frappe-bench/env/lib/python3.10/site-packages/rq/connections.py:58: DeprecationWarning: The `push_connection` function is deprecated. Pass the `connection` explicitly instead.
  warnings.warn(
/home/ecosoft/frappe-bench/env/lib/python3.10/site-packages/pypdf/_crypt_providers/_cryptography.py:32: CryptographyDeprecationWarning: ARC4 has been moved to cryptography.hazmat.decrepit.ciphers.algorithms.ARC4 and will be removed from this module in 48.0.0.
  from cryptography.hazmat.primitives.ciphers.algorithms import AES, ARC4
/home/ecosoft/frappe-bench/env/lib/python3.10/site-packages/rq/connections.py:72: DeprecationWarning: The `pop_connection` function is deprecated. Pass the `connection` explicitly instead.
  warnings.warn(
/home/ecosoft/frappe-bench/env/lib/python3.10/site-packages/rq/connections.py:58: DeprecationWarning: The `push_connection` function is deprecated. Pass the `connection` explicitly instead.
  warnings.warn(
/home/ecosoft/frappe-bench/env/lib/python3.10/site-packages/rq/connections.py:72: DeprecationWarning: The `pop_connection` function is deprecated. Pass the `connection` explicitly instead.
  warnings.warn(
/home/ecosoft/frappe-bench/env/lib/python3.10/site-packages/rq/connections.py:58: DeprecationWarning: The `push_connection` function is deprecated. Pass the `connection` explicitly instead.
  warnings.warn(
/home/ecosoft/frappe-bench/env/lib/python3.10/site-packages/pypdf/_crypt_providers/_cryptography.py:32: CryptographyDeprecationWarning: ARC4 has been moved to cryptography.hazmat.decrepit.ciphers.algorithms.ARC4 and will be removed from this module in 48.0.0.
  from cryptography.hazmat.primitives.ciphers.algorithms import AES, ARC4
/home/ecosoft/frappe-bench/env/lib/python3.10/site-packages/rq/connections.py:72: DeprecationWarning: The `pop_connection` function is deprecated. Pass the `connection` explicitly instead.
  warnings.warn(
/home/ecosoft/frappe-bench/env/lib/python3.10/site-packages/rq/connections.py:58: DeprecationWarning: The `push_connection` function is deprecated. Pass the `connection` explicitly instead.
  warnings.warn(
/home/ecosoft/frappe-bench/env/lib/python3.10/site-packages/rq/connections.py:72: DeprecationWarning: The `pop_connection` function is deprecated. Pass the `connection` explicitly instead.
  warnings.warn(
/home/ecosoft/frappe-bench/env/lib/python3.10/site-packages/rq/connections.py:58: DeprecationWarning: The `push_connection` function is deprecated. Pass the `connection` explicitly instead.
  warnings.warn(
/home/ecosoft/frappe-bench/env/lib/python3.10/site-packages/rq/connections.py:72: DeprecationWarning: The `pop_connection` function is deprecated. Pass the `connection` explicitly instead.
  warnings.warn(
/home/ecosoft/frappe-bench/env/lib/python3.10/site-packages/rq/connections.py:58: DeprecationWarning: The `push_connection` function is deprecated. Pass the `connection` explicitly instead.
  warnings.warn(
/home/ecosoft/frappe-bench/env/lib/python3.10/site-packages/rq/connections.py:72: DeprecationWarning: The `pop_connection` function is deprecated. Pass the `connection` explicitly instead.
  warnings.warn(
/home/ecosoft/frappe-bench/env/lib/python3.10/site-packages/rq/connections.py:58: DeprecationWarning: The `push_connection` function is deprecated. Pass the `connection` explicitly instead.
  warnings.warn(
/home/ecosoft/frappe-bench/env/lib/python3.10/site-packages/rq/connections.py:72: DeprecationWarning: The `pop_connection` function is deprecated. Pass the `connection` explicitly instead.
  warnings.warn(
/home/ecosoft/frappe-bench/env/lib/python3.10/site-packages/rq/connections.py:58: DeprecationWarning: The `push_connection` function is deprecated. Pass the `connection` explicitly instead.
  warnings.warn(
/home/ecosoft/frappe-bench/env/lib/python3.10/site-packages/rq/connections.py:72: DeprecationWarning: The `pop_connection` function is deprecated. Pass the `connection` explicitly instead.
  warnings.warn(
/home/ecosoft/frappe-bench/env/lib/python3.10/site-packages/rq/connections.py:58: DeprecationWarning: The `push_connection` function is deprecated. Pass the `connection` explicitly instead.
  warnings.warn(
/home/ecosoft/frappe-bench/env/lib/python3.10/site-packages/rq/connections.py:72: DeprecationWarning: The `pop_connection` function is deprecated. Pass the `connection` explicitly instead.
  warnings.warn(
/home/ecosoft/frappe-bench/env/lib/python3.10/site-packages/rq/connections.py:58: DeprecationWarning: The `push_connection` function is deprecated. Pass the `connection` explicitly instead.
  warnings.warn(
/home/ecosoft/frappe-bench/env/lib/python3.10/site-packages/rq/connections.py:72: DeprecationWarning: The `pop_connection` function is deprecated. Pass the `connection` explicitly instead.
  warnings.warn(
/home/ecosoft/frappe-bench/env/lib/python3.10/site-packages/rq/connections.py:58: DeprecationWarning: The `push_connection` function is deprecated. Pass the `connection` explicitly instead.
  warnings.warn(
/home/ecosoft/frappe-bench/env/lib/python3.10/site-packages/pypdf/_crypt_providers/_cryptography.py:32: CryptographyDeprecationWarning: ARC4 has been moved to cryptography.hazmat.decrepit.ciphers.algorithms.ARC4 and will be removed from this module in 48.0.0.
  from cryptography.hazmat.primitives.ciphers.algorithms import AES, ARC4
/home/ecosoft/frappe-bench/env/lib/python3.10/site-packages/rq/connections.py:72: DeprecationWarning: The `pop_connection` function is deprecated. Pass the `connection` explicitly instead.
  warnings.warn(
